2020-02-03 14:12:32: == Sync Started by Continue After User Wait
2020-02-03 14:12:33: Delete File 'D:/xampp/htdocs/otto2020/storage/framework/sessions/XQhF0natTTVUMiA35WRxVGdkowxY48LOxoxEPnnN'
2020-02-03 14:12:33: Delete File 'D:/xampp/htdocs/otto2020/storage/logs/laravel-2020-01-07.log'
2020-02-03 14:12:33: Delete File 'D:/xampp/htdocs/otto2020/storage/logs/laravel-2020-01-08.log'
2020-02-03 14:12:33: Delete File 'D:/xampp/htdocs/otto2020/storage/logs/laravel-2020-01-09.log'
2020-02-03 14:12:33: Delete File 'D:/xampp/htdocs/otto2020/storage/logs/laravel-2020-01-10.log'
2020-02-03 14:12:33: Delete File 'D:/xampp/htdocs/otto2020/storage/logs/laravel-2020-01-11.log'
2020-02-03 14:12:33: Delete File 'D:/xampp/htdocs/otto2020/storage/logs/laravel-2020-01-13.log'
2020-02-03 14:12:33: Create Folder 'D:/xampp/htdocs/otto2020/assets/flexmonster'
2020-02-03 14:12:33: Create Folder 'D:/xampp/htdocs/otto2020/assets/flexmonster/lib'
2020-02-03 14:12:33: Create Folder 'D:/xampp/htdocs/otto2020/assets/flexmonster/theme'
2020-02-03 14:12:33: Create Folder 'D:/xampp/htdocs/otto2020/assets/flexmonster/theme/assets'
2020-02-03 14:12:33: Create Folder 'D:/xampp/htdocs/otto2020/assets/flexmonster/theme/dark'
2020-02-03 14:12:33: Create Folder 'D:/xampp/htdocs/otto2020/assets/flexmonster/theme/default'
2020-02-03 14:12:33: Create Folder 'D:/xampp/htdocs/otto2020/assets/flexmonster/theme/lightblue'
2020-02-03 14:12:33: Create Folder 'D:/xampp/htdocs/otto2020/assets/flexmonster/theme/old'
2020-02-03 14:12:33: Create Folder 'D:/xampp/htdocs/otto2020/assets/flexmonster/theme/orange'
2020-02-03 14:12:33: Create Folder 'D:/xampp/htdocs/otto2020/assets/flexmonster/theme/teal'
2020-02-03 14:12:33: Create Folder 'D:/xampp/htdocs/otto2020/assets/flexmonster/toolbar'
2020-02-03 14:12:33: Create Folder 'D:/xampp/htdocs/otto2020/storage/framework/cache/data/09'
2020-02-03 14:12:33: Create Folder 'D:/xampp/htdocs/otto2020/storage/framework/cache/data/09/e2'
2020-02-03 14:12:33: Create Folder 'D:/xampp/htdocs/otto2020/storage/framework/cache/data/0c'
2020-02-03 14:12:33: Create Folder 'D:/xampp/htdocs/otto2020/storage/framework/cache/data/0c/56'
2020-02-03 14:12:33: Create Folder 'D:/xampp/htdocs/otto2020/storage/framework/cache/data/21'
2020-02-03 14:12:33: Create Folder 'D:/xampp/htdocs/otto2020/storage/framework/cache/data/21/a8'
2020-02-03 14:12:33: Create Folder 'D:/xampp/htdocs/otto2020/storage/framework/cache/data/9d'
2020-02-03 14:12:33: Create Folder 'D:/xampp/htdocs/otto2020/storage/framework/cache/data/9d/b6'
2020-02-03 14:12:34: Copy Over 'ftp://euro.kim:21/otto2020.euro.kim/.htaccess' -> 'D:/xampp/htdocs/otto2020/.htaccess' (906)
2020-02-03 14:13:42: Copy New 'ftp://euro.kim:21/otto2020.euro.kim/app.zip' -> 'D:/xampp/htdocs/otto2020/app.zip' (105.026.020)
2020-02-03 14:13:42: Copy New 'ftp://euro.kim:21/otto2020.euro.kim/assets/en.json' -> 'D:/xampp/htdocs/otto2020/assets/en.json' (19.142)
2020-02-03 14:13:42: Copy New 'ftp://euro.kim:21/otto2020.euro.kim/assets/flexmonster/flexmonster.css' -> 'D:/xampp/htdocs/otto2020/assets/flexmonster/flexmonster.css' (203.514)
2020-02-03 14:13:44: Copy New 'ftp://euro.kim:21/otto2020.euro.kim/assets/flexmonster/flexmonster.js' -> 'D:/xampp/htdocs/otto2020/assets/flexmonster/flexmonster.js' (1.536.510)
2020-02-03 14:13:45: Copy New 'ftp://euro.kim:21/otto2020.euro.kim/assets/flexmonster/flexmonster.min.css' -> 'D:/xampp/htdocs/otto2020/assets/flexmonster/flexmonster.min.css' (177.095)
2020-02-03 14:13:45: Copy New 'ftp://euro.kim:21/otto2020.euro.kim/assets/flexmonster/lib/canvg.min.js' -> 'D:/xampp/htdocs/otto2020/assets/flexmonster/lib/canvg.min.js' (76.472)
2020-02-03 14:13:46: Copy New 'ftp://euro.kim:21/otto2020.euro.kim/assets/flexmonster/lib/d3.v3.min.js' -> 'D:/xampp/htdocs/otto2020/assets/flexmonster/lib/d3.v3.min.js' (151.850)
2020-02-03 14:13:47: Copy New 'ftp://euro.kim:21/otto2020.euro.kim/assets/flexmonster/lib/elasticsearch.min.js' -> 'D:/xampp/htdocs/otto2020/assets/flexmonster/lib/elasticsearch.min.js' (535.678)
2020-02-03 14:13:47: Copy New 'ftp://euro.kim:21/otto2020.euro.kim/assets/flexmonster/lib/file.min.js' -> 'D:/xampp/htdocs/otto2020/assets/flexmonster/lib/file.min.js' (2.967)
2020-02-03 14:13:47: Copy New 'ftp://euro.kim:21/otto2020.euro.kim/assets/flexmonster/lib/flexmonster.fusioncharts.js' -> 'D:/xampp/htdocs/otto2020/assets/flexmonster/lib/flexmonster.fusioncharts.js' (14.856)
2020-02-03 14:13:47: Copy New 'ftp://euro.kim:21/otto2020.euro.kim/assets/flexmonster/lib/flexmonster.googlecharts.js' -> 'D:/xampp/htdocs/otto2020/assets/flexmonster/lib/flexmonster.googlecharts.js' (6.528)
2020-02-03 14:13:48: Copy New 'ftp://euro.kim:21/otto2020.euro.kim/assets/flexmonster/lib/flexmonster.highcharts.js' -> 'D:/xampp/htdocs/otto2020/assets/flexmonster/lib/flexmonster.highcharts.js' (19.501)
2020-02-03 14:13:48: Copy New 'ftp://euro.kim:21/otto2020.euro.kim/assets/flexmonster/lib/html2canvas.min.js' -> 'D:/xampp/htdocs/otto2020/assets/flexmonster/lib/html2canvas.min.js' (148.434)
2020-02-03 14:13:49: Copy New 'ftp://euro.kim:21/otto2020.euro.kim/assets/flexmonster/lib/jquery.min.js' -> 'D:/xampp/htdocs/otto2020/assets/flexmonster/lib/jquery.min.js' (92.072)
2020-02-03 14:13:49: Copy New 'ftp://euro.kim:21/otto2020.euro.kim/assets/flexmonster/lib/jspdf.min.js' -> 'D:/xampp/htdocs/otto2020/assets/flexmonster/lib/jspdf.min.js' (306.580)
2020-02-03 14:13:50: Copy New 'ftp://euro.kim:21/otto2020.euro.kim/assets/flexmonster/lib/jszip.min.js' -> 'D:/xampp/htdocs/otto2020/assets/flexmonster/lib/jszip.min.js' (17.479)
2020-02-03 14:13:50: Copy New 'ftp://euro.kim:21/otto2020.euro.kim/assets/flexmonster/lib/promise.min.js' -> 'D:/xampp/htdocs/otto2020/assets/flexmonster/lib/promise.min.js' (3.345)
2020-02-03 14:13:50: Copy New 'ftp://euro.kim:21/otto2020.euro.kim/assets/flexmonster/lib/sha1.min.js' -> 'D:/xampp/htdocs/otto2020/assets/flexmonster/lib/sha1.min.js' (6.210)
2020-02-03 14:13:50: Copy New 'ftp://euro.kim:21/otto2020.euro.kim/assets/flexmonster/lib/zlib.min.js' -> 'D:/xampp/htdocs/otto2020/assets/flexmonster/lib/zlib.min.js' (17.917)
2020-02-03 14:13:51: Copy New 'ftp://euro.kim:21/otto2020.euro.kim/assets/flexmonster/theme/assets/flexmonster-icons.eot' -> 'D:/xampp/htdocs/otto2020/assets/flexmonster/theme/assets/flexmonster-icons.eot' (6.624)
2020-02-03 14:13:51: Copy New 'ftp://euro.kim:21/otto2020.euro.kim/assets/flexmonster/theme/assets/flexmonster-icons.svg' -> 'D:/xampp/htdocs/otto2020/assets/flexmonster/theme/assets/flexmonster-icons.svg' (19.965)
2020-02-03 14:13:51: Copy New 'ftp://euro.kim:21/otto2020.euro.kim/assets/flexmonster/theme/assets/flexmonster-icons.ttf' -> 'D:/xampp/htdocs/otto2020/assets/flexmonster/theme/assets/flexmonster-icons.ttf' (6.420)
2020-02-03 14:13:52: Copy New 'ftp://euro.kim:21/otto2020.euro.kim/assets/flexmonster/theme/assets/flexmonster-icons.woff' -> 'D:/xampp/htdocs/otto2020/assets/flexmonster/theme/assets/flexmonster-icons.woff' (6.496)
2020-02-03 14:13:52: Copy New 'ftp://euro.kim:21/otto2020.euro.kim/assets/flexmonster/theme/dark/flexmonster.css' -> 'D:/xampp/htdocs/otto2020/assets/flexmonster/theme/dark/flexmonster.css' (204.327)
2020-02-03 14:13:52: Copy New 'ftp://euro.kim:21/otto2020.euro.kim/assets/flexmonster/theme/dark/flexmonster.less' -> 'D:/xampp/htdocs/otto2020/assets/flexmonster/theme/dark/flexmonster.less' (4.901)
2020-02-03 14:13:53: Copy New 'ftp://euro.kim:21/otto2020.euro.kim/assets/flexmonster/theme/dark/flexmonster.min.css' -> 'D:/xampp/htdocs/otto2020/assets/flexmonster/theme/dark/flexmonster.min.css' (177.872)
2020-02-03 14:13:53: Copy New 'ftp://euro.kim:21/otto2020.euro.kim/assets/flexmonster/theme/default/flexmonster.less' -> 'D:/xampp/htdocs/otto2020/assets/flexmonster/theme/default/flexmonster.less' (4.782)
2020-02-03 14:13:53: Copy New 'ftp://euro.kim:21/otto2020.euro.kim/assets/flexmonster/theme/flexmonster-base.less' -> 'D:/xampp/htdocs/otto2020/assets/flexmonster/theme/flexmonster-base.less' (185.770)
2020-02-03 14:13:54: Copy New 'ftp://euro.kim:21/otto2020.euro.kim/assets/flexmonster/theme/lightblue/flexmonster.css' -> 'D:/xampp/htdocs/otto2020/assets/flexmonster/theme/lightblue/flexmonster.css' (203.751)
2020-02-03 14:13:54: Copy New 'ftp://euro.kim:21/otto2020.euro.kim/assets/flexmonster/theme/lightblue/flexmonster.less' -> 'D:/xampp/htdocs/otto2020/assets/flexmonster/theme/lightblue/flexmonster.less' (4.774)
2020-02-03 14:13:55: Copy New 'ftp://euro.kim:21/otto2020.euro.kim/assets/flexmonster/theme/lightblue/flexmonster.min.css' -> 'D:/xampp/htdocs/otto2020/assets/flexmonster/theme/lightblue/flexmonster.min.css' (177.341)
2020-02-03 14:13:55: Copy New 'ftp://euro.kim:21/otto2020.euro.kim/assets/flexmonster/theme/old/flexmonster.css' -> 'D:/xampp/htdocs/otto2020/assets/flexmonster/theme/old/flexmonster.css' (204.130)
2020-02-03 14:13:56: Copy New 'ftp://euro.kim:21/otto2020.euro.kim/assets/flexmonster/theme/old/flexmonster.less' -> 'D:/xampp/htdocs/otto2020/assets/flexmonster/theme/old/flexmonster.less' (5.796)
2020-02-03 14:13:56: Copy New 'ftp://euro.kim:21/otto2020.euro.kim/assets/flexmonster/theme/old/flexmonster.min.css' -> 'D:/xampp/htdocs/otto2020/assets/flexmonster/theme/old/flexmonster.min.css' (177.607)
2020-02-03 14:13:57: Copy New 'ftp://euro.kim:21/otto2020.euro.kim/assets/flexmonster/theme/orange/flexmonster.css' -> 'D:/xampp/htdocs/otto2020/assets/flexmonster/theme/orange/flexmonster.css' (203.982)
2020-02-03 14:13:57: Copy New 'ftp://euro.kim:21/otto2020.euro.kim/assets/flexmonster/theme/orange/flexmonster.less' -> 'D:/xampp/htdocs/otto2020/assets/flexmonster/theme/orange/flexmonster.less' (5.032)
2020-02-03 14:13:57: Copy New 'ftp://euro.kim:21/otto2020.euro.kim/assets/flexmonster/theme/orange/flexmonster.min.css' -> 'D:/xampp/htdocs/otto2020/assets/flexmonster/theme/orange/flexmonster.min.css' (177.458)
2020-02-03 14:13:58: Copy New 'ftp://euro.kim:21/otto2020.euro.kim/assets/flexmonster/theme/teal/flexmonster.css' -> 'D:/xampp/htdocs/otto2020/assets/flexmonster/theme/teal/flexmonster.css' (203.751)
2020-02-03 14:13:58: Copy New 'ftp://euro.kim:21/otto2020.euro.kim/assets/flexmonster/theme/teal/flexmonster.less' -> 'D:/xampp/htdocs/otto2020/assets/flexmonster/theme/teal/flexmonster.less' (4.759)
2020-02-03 14:13:59: Copy New 'ftp://euro.kim:21/otto2020.euro.kim/assets/flexmonster/theme/teal/flexmonster.min.css' -> 'D:/xampp/htdocs/otto2020/assets/flexmonster/theme/teal/flexmonster.min.css' (177.341)
2020-02-03 14:13:59: Copy New 'ftp://euro.kim:21/otto2020.euro.kim/assets/flexmonster/toolbar/flexmonster.toolbar.js' -> 'D:/xampp/htdocs/otto2020/assets/flexmonster/toolbar/flexmonster.toolbar.js' (248.021)
2020-02-03 14:15:13: Copy New 'ftp://euro.kim:21/otto2020.euro.kim/otto.zip' -> 'D:/xampp/htdocs/otto2020/otto.zip' (105.029.823)
2020-02-03 14:15:13: Copy Over 'ftp://euro.kim:21/otto2020.euro.kim/resources/views/admin/default.blade.php' -> 'D:/xampp/htdocs/otto2020/resources/views/admin/default.blade.php' (106)
2020-02-03 14:15:14: Copy Over 'ftp://euro.kim:21/otto2020.euro.kim/resources/views/admin/inc/script.blade.php' -> 'D:/xampp/htdocs/otto2020/resources/views/admin/inc/script.blade.php' (6.931)
2020-02-03 14:15:15: Copy Over 'ftp://euro.kim:21/otto2020.euro.kim/resources/views/admin/master.blade.php' -> 'D:/xampp/htdocs/otto2020/resources/views/admin/master.blade.php' (20.035)
2020-02-03 14:15:15: Copy Over 'ftp://euro.kim:21/otto2020.euro.kim/resources/views/admin/type/mass-orders/handformerei.blade.php' -> 'D:/xampp/htdocs/otto2020/resources/views/admin/type/mass-orders/handformerei.blade.php' (2.773)
2020-02-03 14:15:15: Copy Over 'ftp://euro.kim:21/otto2020.euro.kim/resources/views/admin/type/mass-orders/silica.blade.php' -> 'D:/xampp/htdocs/otto2020/resources/views/admin/type/mass-orders/silica.blade.php' (2.667)
2020-02-03 14:15:16: Copy Over 'ftp://euro.kim:21/otto2020.euro.kim/resources/views/admin/type/mass-orders.blade.php' -> 'D:/xampp/htdocs/otto2020/resources/views/admin/type/mass-orders.blade.php' (1.656)
2020-02-03 14:15:16: Copy Over 'ftp://euro.kim:21/otto2020.euro.kim/resources/views/admin/type/planning/board.blade.php' -> 'D:/xampp/htdocs/otto2020/resources/views/admin/type/planning/board.blade.php' (19.061)
2020-02-03 14:15:17: Copy New 'ftp://euro.kim:21/otto2020.euro.kim/resources/views/admin/type/planning/inc/customScript.blade.php' -> 'D:/xampp/htdocs/otto2020/resources/views/admin/type/planning/inc/customScript.blade.php' (15.122)
2020-02-03 14:15:17: Copy Over 'ftp://euro.kim:21/otto2020.euro.kim/resources/views/admin/type/planning/inc/script.blade.php' -> 'D:/xampp/htdocs/otto2020/resources/views/admin/type/planning/inc/script.blade.php' (19.659)
2020-02-03 14:15:17: Copy Over 'ftp://euro.kim:21/otto2020.euro.kim/resources/views/admin/type/planning/inc/style.blade.php' -> 'D:/xampp/htdocs/otto2020/resources/views/admin/type/planning/inc/style.blade.php' (3.638)
2020-02-03 14:15:18: Copy Over 'ftp://euro.kim:21/otto2020.euro.kim/resources/views/admin/type/planning.blade.php' -> 'D:/xampp/htdocs/otto2020/resources/views/admin/type/planning.blade.php' (4.528)
2020-02-03 14:15:18: Copy Over 'ftp://euro.kim:21/otto2020.euro.kim/resources/views/admin/types.blade.php' -> 'D:/xampp/htdocs/otto2020/resources/views/admin/types.blade.php' (355)
2020-02-03 14:15:19: Copy New 'ftp://euro.kim:21/otto2020.euro.kim/resources/views/admin-ajax/flexmonster.blade.php' -> 'D:/xampp/htdocs/otto2020/resources/views/admin-ajax/flexmonster.blade.php' (990)
2020-02-03 14:15:19: Copy New 'ftp://euro.kim:21/otto2020.euro.kim/resources/views/admin-ajax/keyfigures-sap-merge.php' -> 'D:/xampp/htdocs/otto2020/resources/views/admin-ajax/keyfigures-sap-merge.php' (0)
2020-02-03 14:15:19: Copy New 'ftp://euro.kim:21/otto2020.euro.kim/resources/views/admin-ajax/load2.php' -> 'D:/xampp/htdocs/otto2020/resources/views/admin-ajax/load2.php' (4.257)
2020-02-03 14:15:19: Copy New 'ftp://euro.kim:21/otto2020.euro.kim/resources/views/admin-ajax/planning-board-load-eski.php' -> 'D:/xampp/htdocs/otto2020/resources/views/admin-ajax/planning-board-load-eski.php' (4.252)
2020-02-03 14:15:20: Copy Over 'ftp://euro.kim:21/otto2020.euro.kim/resources/views/admin-ajax/planning-board-load.php' -> 'D:/xampp/htdocs/otto2020/resources/views/admin-ajax/planning-board-load.php' (6.614)
2020-02-03 14:15:20: Copy Over 'ftp://euro.kim:21/otto2020.euro.kim/resources/views/admin-ajax/planning-detail.blade.php' -> 'D:/xampp/htdocs/otto2020/resources/views/admin-ajax/planning-detail.blade.php' (12.943)
2020-02-03 14:15:20: Copy Over 'ftp://euro.kim:21/otto2020.euro.kim/resources/views/admin-ajax/planning-tooltip.blade.php' -> 'D:/xampp/htdocs/otto2020/resources/views/admin-ajax/planning-tooltip.blade.php' (1.560)
2020-02-03 14:15:21: Copy Over 'ftp://euro.kim:21/otto2020.euro.kim/resources/views/admin-ajax/sap-planning-detail.blade.php' -> 'D:/xampp/htdocs/otto2020/resources/views/admin-ajax/sap-planning-detail.blade.php' (1.096)
2020-02-03 14:15:21: Copy Over 'ftp://euro.kim:21/otto2020.euro.kim/resources/views/admin-ajax/sap-planning-detail2.blade.php' -> 'D:/xampp/htdocs/otto2020/resources/views/admin-ajax/sap-planning-detail2.blade.php' (813)
2020-02-03 14:15:21: Copy Over 'ftp://euro.kim:21/otto2020.euro.kim/resources/views/admin-ajax/sap-planning-drag-table.blade.php' -> 'D:/xampp/htdocs/otto2020/resources/views/admin-ajax/sap-planning-drag-table.blade.php' (5.189)
2020-02-03 14:15:21: Copy Over 'ftp://euro.kim:21/otto2020.euro.kim/resources/views/admin-ajax/session-start.php' -> 'D:/xampp/htdocs/otto2020/resources/views/admin-ajax/session-start.php' (65)
2020-02-03 14:15:22: Copy New 'ftp://euro.kim:21/otto2020.euro.kim/resources/views/admin-ajax/webdatarocks.blade.php' -> 'D:/xampp/htdocs/otto2020/resources/views/admin-ajax/webdatarocks.blade.php' (590)
2020-02-03 14:15:22: Copy New 'ftp://euro.kim:21/otto2020.euro.kim/resources/views/keyfigures-sap-merge.php' -> 'D:/xampp/htdocs/otto2020/resources/views/keyfigures-sap-merge.php' (190)
2020-02-03 14:15:23: Copy New 'ftp://euro.kim:21/otto2020.euro.kim/resources/views/planning-sap-merge.php' -> 'D:/xampp/htdocs/otto2020/resources/views/planning-sap-merge.php' (199)
2020-02-03 14:15:23: Copy New 'ftp://euro.kim:21/otto2020.euro.kim/resources/views/session-control.blade.php' -> 'D:/xampp/htdocs/otto2020/resources/views/session-control.blade.php' (65)
2020-02-03 14:15:23: /storage/app/files/csv-planning/YPTAB_INT.TXT: Analyze error: Two items on Left side are named the same after normalization and lower-casing: '/storage/app/files/csv-planning/YPTAB_INT.txt' vs '/storage/app/files/csv-planning/YPTAB_INT.TXT'
2020-02-03 14:15:23: Copy New 'ftp://euro.kim:21/otto2020.euro.kim/storage/framework/cache/data/09/e2/09e222cb24e60bc58008653055d74285492042c5' -> 'D:/xampp/htdocs/otto2020/storage/framework/cache/data/09/e2/09e222cb24e60bc58008653055d74285492042c5' (14)
2020-02-03 14:15:24: Copy New 'ftp://euro.kim:21/otto2020.euro.kim/storage/framework/cache/data/9d/b6/9db6a7f66ee41d2e4f9111f2d92a63a78b8b9ff3' -> 'D:/xampp/htdocs/otto2020/storage/framework/cache/data/9d/b6/9db6a7f66ee41d2e4f9111f2d92a63a78b8b9ff3' (23)
2020-02-03 14:15:25: ftp://euro.kim:21/otto2020.euro.kim/storage/framework/sessions/cyOKuJnIL6R5KDrAUA473aKKTsXilt7Fh6LtAhIz: Downloaded 284 bytes, LESS than expected 291 bytes
2020-02-03 14:15:25: ftp://euro.kim:21/otto2020.euro.kim/storage/framework/sessions/cyOKuJnIL6R5KDrAUA473aKKTsXilt7Fh6LtAhIz: Source file has changed between Analyze and Sync from '[file] size=291 accu-time=2020-02-03 14:07:59 attr= cktype=0' to 'size=284 time=2020-02-03 14:13:40', noted in source file state
2020-02-03 14:15:25: Copy New 'ftp://euro.kim:21/otto2020.euro.kim/storage/framework/sessions/cyOKuJnIL6R5KDrAUA473aKKTsXilt7Fh6LtAhIz' -> 'D:/xampp/htdocs/otto2020/storage/framework/sessions/cyOKuJnIL6R5KDrAUA473aKKTsXilt7Fh6LtAhIz' (291)
2020-02-03 14:15:25: ftp://euro.kim:21/otto2020.euro.kim/storage/framework/sessions/EYo393i85vZPHb9G1LfxT6T9N7AWiAh7o0OGDFRa: Source file has changed between Analyze and Sync from '[file] size=281 accu-time=2020-02-03 14:07:58 attr= cktype=0' to 'size=281 time=2020-02-03 14:15:24', noted in source file state
2020-02-03 14:15:25: Copy New 'ftp://euro.kim:21/otto2020.euro.kim/storage/framework/sessions/EYo393i85vZPHb9G1LfxT6T9N7AWiAh7o0OGDFRa' -> 'D:/xampp/htdocs/otto2020/storage/framework/sessions/EYo393i85vZPHb9G1LfxT6T9N7AWiAh7o0OGDFRa' (281)
2020-02-03 14:15:25: Copy New 'ftp://euro.kim:21/otto2020.euro.kim/storage/framework/sessions/QASOxdkCM9h2ymTErnOF35Lq5eG3F1Vw0lZgYvGY' -> 'D:/xampp/htdocs/otto2020/storage/framework/sessions/QASOxdkCM9h2ymTErnOF35Lq5eG3F1Vw0lZgYvGY' (287)
2020-02-03 14:15:26: Copy New 'ftp://euro.kim:21/otto2020.euro.kim/storage/framework/sessions/tlVAb9KuNqZDSakq8v44ro2TiodDPPv5CXoOFP1x' -> 'D:/xampp/htdocs/otto2020/storage/framework/sessions/tlVAb9KuNqZDSakq8v44ro2TiodDPPv5CXoOFP1x' (250)
2020-02-03 14:15:26: Copy New 'ftp://euro.kim:21/otto2020.euro.kim/storage/framework/sessions/ZvpIy0Lc5VKNxO92Uzml29BxJfO1pF9WsHCLu9UY' -> 'D:/xampp/htdocs/otto2020/storage/framework/sessions/ZvpIy0Lc5VKNxO92Uzml29BxJfO1pF9WsHCLu9UY' (183)
2020-02-03 14:15:26: Copy Over 'ftp://euro.kim:21/otto2020.euro.kim/storage/framework/views/0354b9d1d5d128d7481ae749dd2667ec206e933b.php' -> 'D:/xampp/htdocs/otto2020/storage/framework/views/0354b9d1d5d128d7481ae749dd2667ec206e933b.php' (13.504)
2020-02-03 14:15:27: Copy New 'ftp://euro.kim:21/otto2020.euro.kim/storage/framework/views/03b3a9d186e09d78200e3c4c6f4968859aad1adf.php' -> 'D:/xampp/htdocs/otto2020/storage/framework/views/03b3a9d186e09d78200e3c4c6f4968859aad1adf.php' (1.137)
2020-02-03 14:15:27: Copy Over 'ftp://euro.kim:21/otto2020.euro.kim/storage/framework/views/107e464b67fd8cb6871a6e1c9adbc185039e4257.php' -> 'D:/xampp/htdocs/otto2020/storage/framework/views/107e464b67fd8cb6871a6e1c9adbc185039e4257.php' (4.919)
2020-02-03 14:15:27: Copy New 'ftp://euro.kim:21/otto2020.euro.kim/storage/framework/views/2ac70664921f757d3bb8f76a0b25d1f61f6c02cc.php' -> 'D:/xampp/htdocs/otto2020/storage/framework/views/2ac70664921f757d3bb8f76a0b25d1f61f6c02cc.php' (1.591)
2020-02-03 14:15:28: Copy New 'ftp://euro.kim:21/otto2020.euro.kim/storage/framework/views/30af2fd74173a58e066d2c6443321d01cc978c2e.php' -> 'D:/xampp/htdocs/otto2020/storage/framework/views/30af2fd74173a58e066d2c6443321d01cc978c2e.php' (528)
2020-02-03 14:15:28: Copy Over 'ftp://euro.kim:21/otto2020.euro.kim/storage/framework/views/31db72ef4e58f223704e4c6c76e3141040877395.php' -> 'D:/xampp/htdocs/otto2020/storage/framework/views/31db72ef4e58f223704e4c6c76e3141040877395.php' (922)
2020-02-03 14:15:28: Copy Over 'ftp://euro.kim:21/otto2020.euro.kim/storage/framework/views/3b6a9da47f4e7ed7649b66ae963022d1d63a298b.php' -> 'D:/xampp/htdocs/otto2020/storage/framework/views/3b6a9da47f4e7ed7649b66ae963022d1d63a298b.php' (2.327)
2020-02-03 14:15:28: Copy Over 'ftp://euro.kim:21/otto2020.euro.kim/storage/framework/views/431b14aef02ec21d096b7395374ae384b88fa344.php' -> 'D:/xampp/htdocs/otto2020/storage/framework/views/431b14aef02ec21d096b7395374ae384b88fa344.php' (3.117)
2020-02-03 14:15:28: Copy Over 'ftp://euro.kim:21/otto2020.euro.kim/storage/framework/views/452e057ff69d610ab4dd686c39c1a70ddcb63bd3.php' -> 'D:/xampp/htdocs/otto2020/storage/framework/views/452e057ff69d610ab4dd686c39c1a70ddcb63bd3.php' (7.236)
2020-02-03 14:15:29: Copy New 'ftp://euro.kim:21/otto2020.euro.kim/storage/framework/views/51a7f28439e9cda52334c2782c4096bfebbc0afd.php' -> 'D:/xampp/htdocs/otto2020/storage/framework/views/51a7f28439e9cda52334c2782c4096bfebbc0afd.php' (7.596)
2020-02-03 14:15:29: Copy Over 'ftp://euro.kim:21/otto2020.euro.kim/storage/framework/views/5283f93d89171114228a6a324ebed16a65361d82.php' -> 'D:/xampp/htdocs/otto2020/storage/framework/views/5283f93d89171114228a6a324ebed16a65361d82.php' (3.750)
2020-02-03 14:15:29: Copy Over 'ftp://euro.kim:21/otto2020.euro.kim/storage/framework/views/67f7f064be1d7d11b6e1031f7c22c3036586df51.php' -> 'D:/xampp/htdocs/otto2020/storage/framework/views/67f7f064be1d7d11b6e1031f7c22c3036586df51.php' (19.924)
2020-02-03 14:15:30: Copy New 'ftp://euro.kim:21/otto2020.euro.kim/storage/framework/views/8eaf86e44ee88b6b7bc07d46b0cf9ca88b15d3e7.php' -> 'D:/xampp/htdocs/otto2020/storage/framework/views/8eaf86e44ee88b6b7bc07d46b0cf9ca88b15d3e7.php' (811)
2020-02-03 14:15:30: Copy Over 'ftp://euro.kim:21/otto2020.euro.kim/storage/framework/views/9013a3b1fb24b0d219a921ae12d3de571add3645.php' -> 'D:/xampp/htdocs/otto2020/storage/framework/views/9013a3b1fb24b0d219a921ae12d3de571add3645.php' (20.983)
2020-02-03 14:15:30: Copy New 'ftp://euro.kim:21/otto2020.euro.kim/storage/framework/views/9140f98d2ca4f2e1e833be0d218896f6ce7bd8d2.php' -> 'D:/xampp/htdocs/otto2020/storage/framework/views/9140f98d2ca4f2e1e833be0d218896f6ce7bd8d2.php' (626)
2020-02-03 14:15:30: Copy New 'ftp://euro.kim:21/otto2020.euro.kim/storage/framework/views/a4c02ac64418a12643427b3e804532c3dedaaadd.php' -> 'D:/xampp/htdocs/otto2020/storage/framework/views/a4c02ac64418a12643427b3e804532c3dedaaadd.php' (163)
2020-02-03 14:15:30: Copy New 'ftp://euro.kim:21/otto2020.euro.kim/storage/framework/views/a9747b3d6a2e763fbd6fa5c7dd3b2e732258439f.php' -> 'D:/xampp/htdocs/otto2020/storage/framework/views/a9747b3d6a2e763fbd6fa5c7dd3b2e732258439f.php' (710)
2020-02-03 14:15:31: Copy Over 'ftp://euro.kim:21/otto2020.euro.kim/storage/framework/views/ac822ee1a662d5b51997e792e23a7e860d7ddd63.php' -> 'D:/xampp/htdocs/otto2020/storage/framework/views/ac822ee1a662d5b51997e792e23a7e860d7ddd63.php' (21.779)
2020-02-03 14:15:31: Copy Over 'ftp://euro.kim:21/otto2020.euro.kim/storage/framework/views/ad068ab44dfe63e4694b8219cf8de9fc240e2f71.php' -> 'D:/xampp/htdocs/otto2020/storage/framework/views/ad068ab44dfe63e4694b8219cf8de9fc240e2f71.php' (5.334)
2020-02-03 14:15:31: Copy Over 'ftp://euro.kim:21/otto2020.euro.kim/storage/framework/views/ae23cef48ec5a1c9534a30b9763bd073c6108817.php' -> 'D:/xampp/htdocs/otto2020/storage/framework/views/ae23cef48ec5a1c9534a30b9763bd073c6108817.php' (1.698)
2020-02-03 14:15:31: Copy New 'ftp://euro.kim:21/otto2020.euro.kim/storage/framework/views/b0669d2c6296b3128934c16e5fc9d781f7f156eb.php' -> 'D:/xampp/htdocs/otto2020/storage/framework/views/b0669d2c6296b3128934c16e5fc9d781f7f156eb.php' (794)
2020-02-03 14:15:32: Copy New 'ftp://euro.kim:21/otto2020.euro.kim/storage/framework/views/f36c6d0548b8aaedb5a59bbaad354f17c4469959.php' -> 'D:/xampp/htdocs/otto2020/storage/framework/views/f36c6d0548b8aaedb5a59bbaad354f17c4469959.php' (15.241)
2020-02-03 14:15:32: Copy Over 'ftp://euro.kim:21/otto2020.euro.kim/storage/framework/views/ffbff82e391a7566f975ec07b41fc86547480f89.php' -> 'D:/xampp/htdocs/otto2020/storage/framework/views/ffbff82e391a7566f975ec07b41fc86547480f89.php' (3.229)
2020-02-03 14:15:33: Copy New 'ftp://euro.kim:21/otto2020.euro.kim/storage/logs/laravel-2020-01-25.log' -> 'D:/xampp/htdocs/otto2020/storage/logs/laravel-2020-01-25.log' (289.623)
2020-02-03 14:15:34: Copy New 'ftp://euro.kim:21/otto2020.euro.kim/storage/logs/laravel-2020-01-27.log' -> 'D:/xampp/htdocs/otto2020/storage/logs/laravel-2020-01-27.log' (3.165.785)
2020-02-03 14:15:36: Copy New 'ftp://euro.kim:21/otto2020.euro.kim/storage/logs/laravel-2020-01-28.log' -> 'D:/xampp/htdocs/otto2020/storage/logs/laravel-2020-01-28.log' (1.837.350)
2020-02-03 14:15:37: Copy New 'ftp://euro.kim:21/otto2020.euro.kim/storage/logs/laravel-2020-01-29.log' -> 'D:/xampp/htdocs/otto2020/storage/logs/laravel-2020-01-29.log' (947.974)
2020-02-03 14:15:40: Copy New 'ftp://euro.kim:21/otto2020.euro.kim/storage/logs/laravel-2020-02-02.log' -> 'D:/xampp/htdocs/otto2020/storage/logs/laravel-2020-02-02.log' (2.027.890)
2020-02-03 14:15:40: Copy New 'ftp://euro.kim:21/otto2020.euro.kim/storage/logs/laravel-2020-02-03.log' -> 'D:/xampp/htdocs/otto2020/storage/logs/laravel-2020-02-03.log' (202.426)
2020-02-03 14:15:48: Deleted Recycled: D:/xampp/htdocs/otto2020/_gsdata_/_saved_/storage/framework/sessions/OIqecARxO68QP6hVpQSPDdBrFc7Cyyh8N0qzdwqv
2020-02-03 14:15:48: Deleted Recycled: D:/xampp/htdocs/otto2020/_gsdata_/_saved_/storage/logs/laravel-2019-12-07.log
2020-02-03 14:15:48: Deleted Recycled: D:/xampp/htdocs/otto2020/_gsdata_/_saved_/storage/app/files/csv-planning/YTAB_INT utf-8.csv
2020-02-03 14:15:48: Deleted Recycled: D:/xampp/htdocs/otto2020/_gsdata_/_saved_/storage/framework/sessions/oDBTQEYA0xYSKgAFiwNj0j8bRBO8ze8rX2l0yaIn
2020-02-03 14:15:48: Deleted Recycled: D:/xampp/htdocs/otto2020/_gsdata_/_saved_/storage/framework/sessions/PbQzhJsckihmXtsg3AjiPvKICorIc29aDMLwXd9U
2020-02-03 14:15:48: Deleted Recycled: D:/xampp/htdocs/otto2020/_gsdata_/_saved_/storage/framework/sessions/Labmr1xK2L4wmCtSgUlfN9N73HCptRdrJVa4fj9U
2020-02-03 14:15:48: Deleted Recycled: D:/xampp/htdocs/otto2020/_gsdata_/_saved_/storage/framework/sessions/5I8ULSFpInzmhoEkIh6yBZdOQ5I3mYKMcldShyz2
2020-02-03 14:15:48: Deleted Recycled: D:/xampp/htdocs/otto2020/_gsdata_/_saved_/storage/framework/sessions/KikecmG5vfFAHvR8Vcpb4XdRiMNZBNMTRSnzNpFC
2020-02-03 14:15:48: Deleted Recycled: D:/xampp/htdocs/otto2020/_gsdata_/_saved_/storage/framework/sessions/OcsKYtSFuaaoMkzWyJmCo1SsDDWxyCmPJ2Jj5DBj
2020-02-03 14:15:48: Deleted Recycled: D:/xampp/htdocs/otto2020/_gsdata_/_saved_/storage/framework/sessions/Oe0rXBZfNOYw4h4zWrHXkYVyFoUWGNtDCyXkap5n
2020-02-03 14:15:48: Deleted Recycled: D:/xampp/htdocs/otto2020/_gsdata_/_saved_/storage/framework/sessions/Q9yyobngGFqLUoHbLaqmyZ5aZxtHdxT3I3kCpAo3
2020-02-03 14:15:48: Deleted Recycled: D:/xampp/htdocs/otto2020/_gsdata_/_saved_/storage/framework/sessions/959eOPdul6HIB1WPeEmi4xPYwv17p5VmD9fna013
2020-02-03 14:15:48: Deleted Recycled: D:/xampp/htdocs/otto2020/_gsdata_/_saved_/storage/framework/sessions/SqCTmLjIrTj0j3Lr41d1GieoFeopBcroxAFOTJTE
2020-02-03 14:15:48: Deleted Recycled: D:/xampp/htdocs/otto2020/_gsdata_/_saved_/storage/logs/laravel-2019-12-14.log
2020-02-03 14:15:48: Deleted Recycled: D:/xampp/htdocs/otto2020/_gsdata_/_saved_/storage/framework/sessions/zq9OlL0puzmhOBOQrtnWr7LxmvYO2w9D6xdNqJu9
2020-02-03 14:15:48: Deleted Recycled: D:/xampp/htdocs/otto2020/_gsdata_/_saved_/storage/framework/sessions/05DdUsKlFTyVlUTrqK1PwJ3FvQJO1tbTy4cvdCRO
2020-02-03 14:15:48: Deleted Recycled: D:/xampp/htdocs/otto2020/_gsdata_/_saved_/storage/framework/sessions/ljufujoEcweH41uOR0Hanwhq2OFItaHC04dQBLXW
2020-02-03 14:15:48: Deleted Recycled: D:/xampp/htdocs/otto2020/_gsdata_/_saved_/storage/framework/sessions/4Thzzh3HehRd0ekOrE23iLrH2jAHu2dm9GH15uHL
2020-02-03 14:15:48: Deleted Recycled: D:/xampp/htdocs/otto2020/_gsdata_/_saved_/storage/framework/sessions/66nfCVVUXksfAgDyKGWvVqZRnAsKEOgiF3JLUJ83
2020-02-03 14:15:48: Deleted Recycled: D:/xampp/htdocs/otto2020/_gsdata_/_saved_/storage/framework/sessions/ki5ra0TyIlZmUAZ1uaQJOgOWNoIaaS72PX4Uf97l
2020-02-03 14:15:48: Deleted Recycled: D:/xampp/htdocs/otto2020/_gsdata_/_saved_/storage/framework/sessions/p437xBshVA4aZeX6vBPxf58a0UxenJ0CSCaJyJRD
2020-02-03 14:15:48: Deleted Recycled: D:/xampp/htdocs/otto2020/_gsdata_/_saved_/storage/framework/sessions/f4ABYYHRnocrK3wbOGKafUgA249kmaoW8KEjLx1G
2020-02-03 14:15:48: Deleted Recycled: D:/xampp/htdocs/otto2020/_gsdata_/_saved_/storage/logs/laravel-2019-12-08.log
2020-02-03 14:15:48: Deleted Recycled: D:/xampp/htdocs/otto2020/_gsdata_/_saved_/storage/framework/sessions/EdHHf4GKUyu9q1ynADRtPtJkTFYCYc2uwKpQz8Xc
2020-02-03 14:15:48: Deleted Recycled: D:/xampp/htdocs/otto2020/_gsdata_/_saved_/storage/framework/sessions/pNjrWrTiLiCyAbIv6rGIM4fF0NMcPtmpPk5RmAhC
2020-02-03 14:15:48: Deleted Recycled: D:/xampp/htdocs/otto2020/_gsdata_/_saved_/storage/framework/sessions/62XokGISBLPxZh1aEz7TBD0zTdUMs16LHzPHuLfP
2020-02-03 14:15:48: Deleted Recycled: D:/xampp/htdocs/otto2020/_gsdata_/_saved_/storage/framework/sessions/bYpzVYEVOnbcEcT0JSPfSVIy0o06Pdqteqvc0p83
2020-02-03 14:15:48: Deleted Recycled: D:/xampp/htdocs/otto2020/_gsdata_/_saved_/storage/framework/sessions/L4tIVj768LfdXhSGAweyQpJAbk7rd20ljhnQrxYF
2020-02-03 14:15:48: Deleted Recycled: D:/xampp/htdocs/otto2020/_gsdata_/_saved_/storage/framework/sessions/Vpnk2zubnrmjwzyv3XjPRTsrNT0KhecpGQOag10h
2020-02-03 14:15:48: Deleted Recycled: D:/xampp/htdocs/otto2020/_gsdata_/_saved_/storage/framework/sessions/HH5uTsop5QUUSglLRoXWPmb0ZMzlejyfJWtS1sED
2020-02-03 14:15:48: Deleted Recycled: D:/xampp/htdocs/otto2020/_gsdata_/_saved_/storage/framework/sessions/K5bojud9f919kVeWtcl291b5UoczRR4rBcJMyQgK
2020-02-03 14:15:48: Deleted Recycled: D:/xampp/htdocs/otto2020/_gsdata_/_saved_/storage/logs/laravel-2019-12-09.log
2020-02-03 14:15:48: Deleted Recycled: D:/xampp/htdocs/otto2020/_gsdata_/_saved_/storage/framework/sessions/1LVXw4u07sFKwsfuOJfWDA4o77XqYqzMn2Y4ToSg
2020-02-03 14:15:48: Deleted Recycled: D:/xampp/htdocs/otto2020/_gsdata_/_saved_/storage/framework/sessions/RwA3WiTG2s2OMbmLgAnf3rbsXEYEPG8nXJJFZpKI
2020-02-03 14:15:48: Deleted Recycled: D:/xampp/htdocs/otto2020/_gsdata_/_saved_/storage/framework/sessions/mOwwMOrK62fbHp5NFKknql2DHKPdBUn9lFjgZCuw
2020-02-03 14:15:48: Deleted Recycled: D:/xampp/htdocs/otto2020/_gsdata_/_saved_/storage/framework/sessions/zKLwUTp4RELwIEfRFbSbHFwlPygDdWrHny6pFa3L
2020-02-03 14:15:48: Deleted Recycled: D:/xampp/htdocs/otto2020/_gsdata_/_saved_/storage/framework/sessions/KEO0B6WtUyNfdV5v0NxC9mX5o2xkSlJvzOUWLwPq
2020-02-03 14:15:48: Deleted Recycled: D:/xampp/htdocs/otto2020/_gsdata_/_saved_/storage/framework/sessions/ZEjWWjnEfiaU8WftikWUozQAeN1Ry9bIqZ4gobBR
2020-02-03 14:15:48: Deleted Recycled: D:/xampp/htdocs/otto2020/_gsdata_/_saved_/storage/framework/sessions/nRWOycE8MNr49KYga3yO4dWKPOX1tWfvgUT2kfnR
2020-02-03 14:15:48: Deleted Recycled: D:/xampp/htdocs/otto2020/_gsdata_/_saved_/storage/framework/sessions/BJMZUyNsT5M6zt3oTFpFAkAM3CVKdBmGzAFjniqy
2020-02-03 14:15:48: Deleted Recycled: D:/xampp/htdocs/otto2020/_gsdata_/_saved_/storage/framework/sessions/i8obD3XoTpEreRgd0P9zPhgely0HVChB13HQNx75
2020-02-03 14:15:48: Deleted Recycled: D:/xampp/htdocs/otto2020/_gsdata_/_saved_/storage/framework/sessions/QyI8XuceV5RjyD1EShxkiBpumm466LSZwujdCCpk
2020-02-03 14:15:48: Deleted Recycled: D:/xampp/htdocs/otto2020/_gsdata_/_saved_/storage/framework/sessions/z2wygnegAA3zZVvtiC3z8aZfzZ5JImZ3UNTqV80k
2020-02-03 14:15:48: Deleted Recycled: D:/xampp/htdocs/otto2020/_gsdata_/_saved_/storage/framework/sessions/USegIhyhGXODBC6tgkRDiR5M1PbQOfznxjeoftUt
2020-02-03 14:15:48: Deleted Recycled: D:/xampp/htdocs/otto2020/_gsdata_/_saved_/storage/framework/sessions/Y7IUFlAkMpLeAQb0EYzaNlArhMcC3lP14ty7dUxv
2020-02-03 14:15:48: Deleted Recycled: D:/xampp/htdocs/otto2020/_gsdata_/_saved_/storage/framework/sessions/lU0ovK2dkoop3j8gkattFwlkZZlB6KtbJCvnf5wo
2020-02-03 14:15:48: Deleted Recycled: D:/xampp/htdocs/otto2020/_gsdata_/_saved_/storage/framework/sessions/hvSJeYvmLr43Fw1fF4MZlHRpp723EeUCoIhpTdrE
2020-02-03 14:15:48: Deleted Recycled: D:/xampp/htdocs/otto2020/_gsdata_/_saved_/storage/logs/laravel-2019-12-12.log
2020-02-03 14:15:48: Deleted Recycled: D:/xampp/htdocs/otto2020/_gsdata_/_saved_/storage/framework/sessions/cJaLumNrq2dcTDeby2qyYqzDX7uhOkNI7IkVq6Bm
2020-02-03 14:15:48: Deleted Recycled: D:/xampp/htdocs/otto2020/_gsdata_/_saved_/storage/framework/sessions/c3Ea0WKTdxshoGlIKzLLs8cp3BsGkKbanyyBMw1P
2020-02-03 14:15:48: Deleted Recycled: D:/xampp/htdocs/otto2020/_gsdata_/_saved_/storage/framework/sessions/Lb6ctP4CATOlfGtgipTdWhOpNMMrbIab8AWrw8j2
2020-02-03 14:15:48: Deleted Recycled: D:/xampp/htdocs/otto2020/_gsdata_/_saved_/storage/framework/sessions/rGc3HYB4k2ethfiOVjZYHNnRK1gwbIL1u2wB2NGH
2020-02-03 14:15:48: Deleted Recycled: D:/xampp/htdocs/otto2020/_gsdata_/_saved_/storage/framework/sessions/f7n8AAE2DeCGqY5pEyPPUFQDVQzeizGXCaqc9D71
2020-02-03 14:15:48: Deleted Recycled: D:/xampp/htdocs/otto2020/_gsdata_/_saved_/storage/framework/sessions/pEAPSKea3ita08pRF93aSYpreA2qKtaACzfEIJ30
2020-02-03 14:15:48: Deleted Recycled: D:/xampp/htdocs/otto2020/_gsdata_/_saved_/assets/admin/css/custom.css
2020-02-03 14:15:48: Deleted Recycled: D:/xampp/htdocs/otto2020/_gsdata_/_saved_/storage/framework/sessions/H6GaWiwPCmSLTjZHS2PL9gf1BiG68Z62vy9y5k56
2020-02-03 14:15:48: Deleted Recycled: D:/xampp/htdocs/otto2020/_gsdata_/_saved_/storage/framework/sessions/SpdSMhpnfPzZGe7AyIV249Y6J8BB947VR6a1Iqwp
2020-02-03 14:15:48: Deleted Recycled: D:/xampp/htdocs/otto2020/_gsdata_/_saved_/storage/framework/sessions/p1lrP3b5UMioN6U8mHMHP7y2R319TPl6C3DzF2Tg
2020-02-03 14:15:48: Deleted Recycled: D:/xampp/htdocs/otto2020/_gsdata_/_saved_/storage/framework/sessions/HMrwe9ldMh2owUi2xVjny0eXe5hAFhfBfo03mddv
2020-02-03 14:15:48: Deleted Recycled: D:/xampp/htdocs/otto2020/_gsdata_/_saved_/storage/framework/sessions/z23aPWRTyKu1UpxWTXgjTamTYRgNAx2HV6eQBUK2
2020-02-03 14:15:48: Deleted Recycled: D:/xampp/htdocs/otto2020/_gsdata_/_saved_/storage/framework/sessions/cAzBJgaXuZW6TT6rXhDBGTSvB8f5pxGYWdd4bxxJ
2020-02-03 14:15:48: Deleted Recycled: D:/xampp/htdocs/otto2020/_gsdata_/_saved_/storage/framework/sessions/ZPyhyexE8c9LSra233m1YgiYeJfx6rZeGUjddrh3
2020-02-03 14:15:48: Deleted Recycled: D:/xampp/htdocs/otto2020/_gsdata_/_saved_/assets/Chart.js-2.9.3.zip
2020-02-03 14:15:48: Deleted Recycled: D:/xampp/htdocs/otto2020/_gsdata_/_saved_/storage/framework/sessions/bql6NQJtcTXjN81Z9XDg0C7k6UwIWE1dM1ww9k6q
2020-02-03 14:15:48: Deleted Recycled: D:/xampp/htdocs/otto2020/_gsdata_/_saved_/resources/views/admin/type/planning/board1.blade.php
2020-02-03 14:15:48: Deleted Recycled: D:/xampp/htdocs/otto2020/_gsdata_/_saved_/storage/framework/sessions/0ZdFwf2JegXwOJ1aht9VWKzRiNkgyuAlX4X7zqsx
2020-02-03 14:15:48: Deleted Recycled: D:/xampp/htdocs/otto2020/_gsdata_/_saved_/storage/framework/sessions/2mA8nBtGd7nRgvarhxzoZ9SC5N1WQgtQp5hO23ZA
2020-02-03 14:15:48: Deleted Recycled: D:/xampp/htdocs/otto2020/_gsdata_/_saved_/storage/logs/laravel-2019-12-13.log
2020-02-03 14:15:48: Deleted Recycled: D:/xampp/htdocs/otto2020/_gsdata_/_saved_/storage/framework/sessions/EKB2jvxANHuBB472jYxdzjZQrGMAdtHsSTgtzwb9
2020-02-03 14:15:48: Deleted Recycled: D:/xampp/htdocs/otto2020/_gsdata_/_saved_/storage/framework/sessions/Jj5YEkOdEuKmEpYDZMJTXVx0P0JECwS3iXL6pyoK
2020-02-03 14:15:48: Deleted Recycled: D:/xampp/htdocs/otto2020/_gsdata_/_saved_/storage/framework/sessions/MYsLYquqV2GDFXCIPxdt7dARxWeDKOsuiukm7LFc
2020-02-03 14:15:48: Deleted Recycled: D:/xampp/htdocs/otto2020/_gsdata_/_saved_/storage/framework/sessions/pDSSqml6xQHjGuQPXdT6Lx7KzU5b3fItef3EACGS
2020-02-03 14:15:48: Deleted Recycled: D:/xampp/htdocs/otto2020/_gsdata_/_saved_/storage/framework/sessions/yXn18qMhoZeEDauq1wkx7tOrBiBtENZjP9UvyiJO
2020-02-03 14:15:48: Deleted Recycled: D:/xampp/htdocs/otto2020/_gsdata_/_saved_/storage/framework/sessions/IosKUjnd2wVXezeTsfonLm5DDFv1MqUBV9uMuss6
2020-02-03 14:15:48: == Sync Complete. Time: 00:03:16, Speed: 1.20 MB/s, OK: 132, Errors: 1
2020-02-03 14:15:49: 
