2020-02-06 16:40:35: == Sync Started by Continue After User Wait
2020-02-06 16:40:36: Delete File 'D:/xampp/htdocs/otto2020/storage/framework/sessions/1HMjOLkZ9z0gSBPoVQMye4nCma5t4ZZfTzy3Iuot'
2020-02-06 16:40:36: Delete File 'D:/xampp/htdocs/otto2020/storage/framework/sessions/2C4yu7pPvlaB4LwhsMuRmc5Qrdn3M73mjueom35G'
2020-02-06 16:40:36: Delete File 'D:/xampp/htdocs/otto2020/storage/framework/sessions/gNABaac99elDiewZHV9A9RnR3KNHAyiuy3L8ZMR1'
2020-02-06 16:40:36: Delete File 'D:/xampp/htdocs/otto2020/storage/framework/sessions/hZoWMCBWgvjCYfGxU1uEC8yHrBjhIu6hwn7P8VEk'
2020-02-06 16:40:36: Delete File 'D:/xampp/htdocs/otto2020/storage/framework/sessions/yLc4s9J0UbvKZAmhjCd1zHAh78jjP3xhQSzAbCLX'
2020-02-06 16:40:36: Copy Over 'ftp://euro.kim:21/otto2020.euro.kim/resources/views/admin/type/planning/inc/script.blade.php' -> 'D:/xampp/htdocs/otto2020/resources/views/admin/type/planning/inc/script.blade.php' (20.535)
2020-02-06 16:40:40: Copy New 'ftp://euro.kim:21/otto2020.euro.kim/storage/app/files/csv/YPRO_INT_140552.txt' -> 'D:/xampp/htdocs/otto2020/storage/app/files/csv/YPRO_INT_140552.txt' (4.781.920)
2020-02-06 16:40:40: /storage/app/files/csv-planning/YPTAB_INT.TXT: Analyze error: Two items on Left side are named the same after normalization and lower-casing: '/storage/app/files/csv-planning/YPTAB_INT.txt' vs '/storage/app/files/csv-planning/YPTAB_INT.TXT'
2020-02-06 16:40:41: Copy Over 'ftp://euro.kim:21/otto2020.euro.kim/storage/framework/sessions/7oWpxVUYrqzg7NlBAc3HWpGwi33oz0zNKQMPdUcq' -> 'D:/xampp/htdocs/otto2020/storage/framework/sessions/7oWpxVUYrqzg7NlBAc3HWpGwi33oz0zNKQMPdUcq' (326)
2020-02-06 16:40:41: ftp://euro.kim:21/otto2020.euro.kim/storage/framework/sessions/iZOP8GCJdKvdA9U77YkUJtB83rJh0xkvNlsXH6N4: Source file has changed between Analyze and Sync from '[file] size=326 accu-time=2020-02-06 16:35:20 attr= cktype=0' to 'size=326 time=2020-02-06 16:40:40', noted in source file state
2020-02-06 16:40:41: Copy New 'ftp://euro.kim:21/otto2020.euro.kim/storage/framework/sessions/iZOP8GCJdKvdA9U77YkUJtB83rJh0xkvNlsXH6N4' -> 'D:/xampp/htdocs/otto2020/storage/framework/sessions/iZOP8GCJdKvdA9U77YkUJtB83rJh0xkvNlsXH6N4' (326)
2020-02-06 16:40:42: Copy New 'ftp://euro.kim:21/otto2020.euro.kim/storage/framework/sessions/PWVbDyTI7a09XrhxVJfO5Jz1skUvaWCT4uOhthYr' -> 'D:/xampp/htdocs/otto2020/storage/framework/sessions/PWVbDyTI7a09XrhxVJfO5Jz1skUvaWCT4uOhthYr' (187)
2020-02-06 16:40:42: Copy Over 'ftp://euro.kim:21/otto2020.euro.kim/storage/framework/views/67f7f064be1d7d11b6e1031f7c22c3036586df51.php' -> 'D:/xampp/htdocs/otto2020/storage/framework/views/67f7f064be1d7d11b6e1031f7c22c3036586df51.php' (20.800)
2020-02-06 16:40:42: Copy New 'ftp://euro.kim:21/otto2020.euro.kim/storage/framework/views/ed16bbf484b0669e16a16bdff1f4164394e5615c.php' -> 'D:/xampp/htdocs/otto2020/storage/framework/views/ed16bbf484b0669e16a16bdff1f4164394e5615c.php' (1.321)
2020-02-06 16:40:43: Copy Over 'ftp://euro.kim:21/otto2020.euro.kim/storage/logs/laravel-2020-02-06.log' -> 'D:/xampp/htdocs/otto2020/storage/logs/laravel-2020-02-06.log' (67.825)
2020-02-06 16:40:44: Deleted Recycled: D:/xampp/htdocs/otto2020/_gsdata_/_saved_/storage/framework/sessions/kNCsKCM440aNDHirMg4x9OHesIoRSn1KADFS5qmw
2020-02-06 16:40:44: Deleted Recycled: D:/xampp/htdocs/otto2020/_gsdata_/_saved_/storage/framework/sessions/pvcwpcRYB40bFSdzYjnG9J0DvM8NMOFIb1tOJhFN
2020-02-06 16:40:44: == Sync Complete. Time: 00:00:09, Speed: 618.27 KB/s, OK: 13, Errors: 1
2020-02-06 16:40:44: 
