2020-02-13 08:47:59: == Sync Started by Continue After User Wait
2020-02-13 08:48:00: Delete File 'D:/xampp/htdocs/otto2020/storage/framework/sessions/I4FDIRRBoqazpouRa8AJPitDZqC3u9z56mxI1Pu1'
2020-02-13 08:48:00: Delete File 'D:/xampp/htdocs/otto2020/storage/framework/sessions/VXpCo87AI6vzKCyAfR9juNrpIvJMrcl49WlmBYg8'
2020-02-13 08:48:00: Delete File 'D:/xampp/htdocs/otto2020/storage/logs/laravel-2020-01-22.log'
2020-02-13 08:48:00: Delete File 'D:/xampp/htdocs/otto2020/storage/logs/laravel-2020-01-23.log'
2020-02-13 08:48:01: Copy New 'ftp://euro.kim:21/otto2020.euro.kim/resources/views/admin/chart/chart-workstation.blade.php' -> 'D:/xampp/htdocs/otto2020/resources/views/admin/chart/chart-workstation.blade.php' (952)
2020-02-13 08:48:01: Copy New 'ftp://euro.kim:21/otto2020.euro.kim/resources/views/admin/chart/multi-chart-raw.blade.php' -> 'D:/xampp/htdocs/otto2020/resources/views/admin/chart/multi-chart-raw.blade.php' (1.773)
2020-02-13 08:48:01: Copy Over 'ftp://euro.kim:21/otto2020.euro.kim/resources/views/admin/chart/multi-chart.blade.php' -> 'D:/xampp/htdocs/otto2020/resources/views/admin/chart/multi-chart.blade.php' (1.773)
2020-02-13 08:48:02: Copy Over 'ftp://euro.kim:21/otto2020.euro.kim/resources/views/admin/dashboard/worker/workstation.blade.php' -> 'D:/xampp/htdocs/otto2020/resources/views/admin/dashboard/worker/workstation.blade.php' (6.217)
2020-02-13 08:48:05: Copy New 'ftp://euro.kim:21/otto2020.euro.kim/storage/app/files/csv/YPRO_INT_141836.txt' -> 'D:/xampp/htdocs/otto2020/storage/app/files/csv/YPRO_INT_141836.txt' (5.318.301)
2020-02-13 08:48:06: Copy New 'ftp://euro.kim:21/otto2020.euro.kim/storage/app/files/csv-planning/YPTAB_INT.csv.csv' -> 'D:/xampp/htdocs/otto2020/storage/app/files/csv-planning/YPTAB_INT.csv.csv' (1.240.651)
2020-02-13 08:48:06: Copy New 'ftp://euro.kim:21/otto2020.euro.kim/storage/app/files/csv-planning/YPTAB_INT.csv.TXT' -> 'D:/xampp/htdocs/otto2020/storage/app/files/csv-planning/YPTAB_INT.csv.TXT' (362.421)
2020-02-13 08:48:06: /storage/app/files/csv-planning/YPTAB_INT.TXT: Analyze error: Two items on Left side are named the same after normalization and lower-casing: '/storage/app/files/csv-planning/YPTAB_INT.txt' vs '/storage/app/files/csv-planning/YPTAB_INT.TXT'
2020-02-13 08:48:07: Copy New 'ftp://euro.kim:21/otto2020.euro.kim/storage/app/files/csv-planning/YPTAB_INT_OTTO2020.csv' -> 'D:/xampp/htdocs/otto2020/storage/app/files/csv-planning/YPTAB_INT_OTTO2020.csv' (1.120.147)
2020-02-13 08:48:08: Copy New 'ftp://euro.kim:21/otto2020.euro.kim/storage/framework/sessions/eWekd1q6vNMxRfvKoqVCkmGE8NqO7LzD2UzmqGLb' -> 'D:/xampp/htdocs/otto2020/storage/framework/sessions/eWekd1q6vNMxRfvKoqVCkmGE8NqO7LzD2UzmqGLb' (182)
2020-02-13 08:48:08: Copy New 'ftp://euro.kim:21/otto2020.euro.kim/storage/framework/sessions/mfhwDuvGHlqzzUfqMHefPjV6SMDVUKi1eNoLThng' -> 'D:/xampp/htdocs/otto2020/storage/framework/sessions/mfhwDuvGHlqzzUfqMHefPjV6SMDVUKi1eNoLThng' (314)
2020-02-13 08:48:08: Copy New 'ftp://euro.kim:21/otto2020.euro.kim/storage/framework/views/16ef8d92b7840beca7d21382b6414738b10da935.php' -> 'D:/xampp/htdocs/otto2020/storage/framework/views/16ef8d92b7840beca7d21382b6414738b10da935.php' (1.204)
2020-02-13 08:48:08: Copy Over 'ftp://euro.kim:21/otto2020.euro.kim/storage/framework/views/30a670f78e90d8b1929895694d565124b11ea4b9.php' -> 'D:/xampp/htdocs/otto2020/storage/framework/views/30a670f78e90d8b1929895694d565124b11ea4b9.php' (1.630)
2020-02-13 08:48:08: Copy Over 'ftp://euro.kim:21/otto2020.euro.kim/storage/framework/views/bb471427ac5b17adcb3297e323918ff78a8da297.php' -> 'D:/xampp/htdocs/otto2020/storage/framework/views/bb471427ac5b17adcb3297e323918ff78a8da297.php' (6.768)
2020-02-13 08:48:09: Copy Over 'ftp://euro.kim:21/otto2020.euro.kim/storage/logs/laravel-2020-02-08.log' -> 'D:/xampp/htdocs/otto2020/storage/logs/laravel-2020-02-08.log' (1.247.439)
2020-02-13 08:48:10: Copy New 'ftp://euro.kim:21/otto2020.euro.kim/storage/logs/laravel-2020-02-09.log' -> 'D:/xampp/htdocs/otto2020/storage/logs/laravel-2020-02-09.log' (68.559)
2020-02-13 08:48:10: Copy New 'ftp://euro.kim:21/otto2020.euro.kim/storage/logs/laravel-2020-02-10.log' -> 'D:/xampp/htdocs/otto2020/storage/logs/laravel-2020-02-10.log' (13.612)
2020-02-13 08:48:13: Deleted Recycled: D:/xampp/htdocs/otto2020/_gsdata_/_saved_/resources/views/admin/type/configration.blade.php
2020-02-13 08:48:13: Deleted Recycled: D:/xampp/htdocs/otto2020/_gsdata_/_saved_/storage/framework/sessions/zCsx0GVY5cuVd4lY6w494j5nrHcG1QfpkTpUByrL
2020-02-13 08:48:13: Deleted Recycled: D:/xampp/htdocs/otto2020/_gsdata_/_saved_/storage/framework/sessions/lqQHtOIqPYiVa3JWYWNBlqp91TmV56OxHRon99yy
2020-02-13 08:48:13: Deleted Recycled: D:/xampp/htdocs/otto2020/_gsdata_/_saved_/storage/framework/sessions/YrZYWr7Mb2Q5UX6UvJxBdtzC70qzyAQJF82rbsgH
2020-02-13 08:48:13: Deleted Recycled: D:/xampp/htdocs/otto2020/_gsdata_/_saved_/resources/views/admin-ajax/sap-detail.blade.php
2020-02-13 08:48:13: Deleted Recycled: D:/xampp/htdocs/otto2020/_gsdata_/_saved_/storage/framework/sessions/hhL22emZQ8o9LHUA0JfMQte4dxkf231Ew8VJrAi1
2020-02-13 08:48:13: Deleted Recycled: D:/xampp/htdocs/otto2020/_gsdata_/_saved_/storage/framework/sessions/HejhYKJJ85U3H9kTw77iQzwMFkX1X0l6AtqEzM9j
2020-02-13 08:48:13: Deleted Recycled: D:/xampp/htdocs/otto2020/_gsdata_/_saved_/storage/framework/sessions/hcXuuqrw1CN2LEWgarSDEg46cwBiCwxULsFnR1OS
2020-02-13 08:48:13: Deleted Recycled: D:/xampp/htdocs/otto2020/_gsdata_/_saved_/storage/logs/laravel-2019-12-24.log
2020-02-13 08:48:13: Deleted Recycled: D:/xampp/htdocs/otto2020/_gsdata_/_saved_/resources/views/admin-ajax/sap-planning-drag2.blade.php
2020-02-13 08:48:13: Deleted Recycled: D:/xampp/htdocs/otto2020/_gsdata_/_saved_/storage/framework/sessions/r1aQSh8NLLaCZhDCOQvvjmXempzY0LXX02mq2v8g
2020-02-13 08:48:13: Deleted Recycled: D:/xampp/htdocs/otto2020/_gsdata_/_saved_/storage/logs/laravel-2019-12-20.log
2020-02-13 08:48:13: Deleted Recycled: D:/xampp/htdocs/otto2020/_gsdata_/_saved_/storage/framework/sessions/cjow9pY0n9MUhcfUAbxuL1ac09kgghDwzAmhySax
2020-02-13 08:48:13: Deleted Recycled: D:/xampp/htdocs/otto2020/_gsdata_/_saved_/storage/framework/sessions/LapBynjYEl8e7E9A768oKnVUI2MitOXp95y9bClp
2020-02-13 08:48:13: Deleted Recycled: D:/xampp/htdocs/otto2020/_gsdata_/_saved_/storage/framework/sessions/CnnrDEvwhatitK3X6ytf2UKCqX9LPRvhNCdYZt2L
2020-02-13 08:48:13: Deleted Recycled: D:/xampp/htdocs/otto2020/_gsdata_/_saved_/resources/views/admin-ajax/sap-planning-drag.blade.php
2020-02-13 08:48:13: Deleted Recycled: D:/xampp/htdocs/otto2020/_gsdata_/_saved_/resources/views/admin-ajax/sap-planning-detail3.blade.php
2020-02-13 08:48:13: Deleted Recycled: D:/xampp/htdocs/otto2020/_gsdata_/_saved_/storage/framework/sessions/pcL0JeXCuPhEsNcM8Lb3s45Cp2oey7WISzzKHKFw
2020-02-13 08:48:13: Deleted Recycled: D:/xampp/htdocs/otto2020/_gsdata_/_saved_/storage/framework/sessions/yTuhUc25RfBmAUaRZQEnLvkWfkGL2XTcZ5s7E4m7
2020-02-13 08:48:13: Deleted Recycled: D:/xampp/htdocs/otto2020/_gsdata_/_saved_/storage/framework/sessions/U00UJiOfCSbTAjlsQ9yTWcOYg1W7eRqmRNUI2Hqd
2020-02-13 08:48:13: Deleted Recycled: D:/xampp/htdocs/otto2020/_gsdata_/_saved_/storage/framework/sessions/M9PHNbM2vivPLUoPIWf7UcKDbmhqElaV7fqZPqVb
2020-02-13 08:48:13: Deleted Recycled: D:/xampp/htdocs/otto2020/_gsdata_/_saved_/storage/framework/sessions/5qKaSRxpcc8mFxCEeXch30RW3bHDvIPowhtxg6uR
2020-02-13 08:48:13: Deleted Recycled: D:/xampp/htdocs/otto2020/_gsdata_/_saved_/storage/framework/sessions/VAUb6IWL3V73DQjuc4YQGo7FBHf2hxmtVAC0MB4u
2020-02-13 08:48:13: Deleted Recycled: D:/xampp/htdocs/otto2020/_gsdata_/_saved_/storage/framework/sessions/9IOiDJkVGhqpXUtxhNew2uhK2u8cNsN2Z7Y0P6GA
2020-02-13 08:48:13: Deleted Recycled: D:/xampp/htdocs/otto2020/_gsdata_/_saved_/storage/framework/sessions/hd0zHXVYW8cONPM4N6KTTKKwjzF55a5A3mBHoALD
2020-02-13 08:48:13: Deleted Recycled: D:/xampp/htdocs/otto2020/_gsdata_/_saved_/storage/logs/laravel-2019-12-25.log
2020-02-13 08:48:13: Deleted Recycled: D:/xampp/htdocs/otto2020/_gsdata_/_saved_/storage/framework/sessions/kSVdJlgehEUvrsOLQ3bgv0MKva0BRZTNZiAeTo1K
2020-02-13 08:48:13: Deleted Recycled: D:/xampp/htdocs/otto2020/_gsdata_/_saved_/resources/views/admin/dashboard/down-setup.blade.php
2020-02-13 08:48:13: Deleted Recycled: D:/xampp/htdocs/otto2020/_gsdata_/_saved_/storage/framework/sessions/BoU4ijcWxPCkJshh9GEykTnLnZLGvClIBcQXdYcx
2020-02-13 08:48:13: Deleted Recycled: D:/xampp/htdocs/otto2020/_gsdata_/_saved_/storage/framework/sessions/R84MzrVltNs0rbHZMu9i4vERMDRp1h3YIRJsKPoo
2020-02-13 08:48:13: Deleted Recycled: D:/xampp/htdocs/otto2020/_gsdata_/_saved_/storage/framework/sessions/Asky4UusIre7RzDeCdCdtpqf6t0rVqVstORYrPCG
2020-02-13 08:48:13: Deleted Recycled: D:/xampp/htdocs/otto2020/_gsdata_/_saved_/storage/framework/sessions/0OQRTHlwe9YeM4WOsvrpADChz2h8c1EumOkypuZK
2020-02-13 08:48:13: Deleted Recycled: D:/xampp/htdocs/otto2020/_gsdata_/_saved_/storage/framework/sessions/TF3lc3GgvBl0voCYynFsYhZCkoHbM1V4F2Ijogu5
2020-02-13 08:48:13: Deleted Recycled: D:/xampp/htdocs/otto2020/_gsdata_/_saved_/storage/framework/sessions/VMXiRg12LAkWCpugUKyWvx64E82tO9VS741lmcAk
2020-02-13 08:48:13: Deleted Recycled: D:/xampp/htdocs/otto2020/_gsdata_/_saved_/storage/framework/sessions/B5VyMLfDuJ2Ws9weLsEqgBEIqk7OOAalgSokIqIh
2020-02-13 08:48:13: Deleted Recycled: D:/xampp/htdocs/otto2020/_gsdata_/_saved_/app/Http/Controllers/AdminAjaxController.php
2020-02-13 08:48:13: Deleted Recycled: D:/xampp/htdocs/otto2020/_gsdata_/_saved_/resources/views/planning-board.blade.php
2020-02-13 08:48:13: Deleted Recycled: D:/xampp/htdocs/otto2020/_gsdata_/_saved_/storage/framework/sessions/g7i8xe9RkLhERiyD7eKnwuqyjjOmC76FwNBuAQ8b
2020-02-13 08:48:13: Deleted Recycled: D:/xampp/htdocs/otto2020/_gsdata_/_saved_/storage/framework/sessions/HVXTWXvEoHap0swTCEW2JXu05LmvJ3PDlbfiAYbD
2020-02-13 08:48:13: Deleted Recycled: D:/xampp/htdocs/otto2020/_gsdata_/_saved_/storage/framework/sessions/5BG7esGrz3qSVmATO7YFBlJZbHr0VpdpiQTfJgqY
2020-02-13 08:48:13: Deleted Recycled: D:/xampp/htdocs/otto2020/_gsdata_/_saved_/storage/logs/laravel-2019-12-22.log
2020-02-13 08:48:13: Deleted Recycled: D:/xampp/htdocs/otto2020/_gsdata_/_saved_/storage/framework/sessions/fvqXWQzCCOaRtNGzwuQEtvDEWlw0RRSpELf9cAD0
2020-02-13 08:48:13: Deleted Recycled: D:/xampp/htdocs/otto2020/_gsdata_/_saved_/storage/framework/sessions/MZtMtT1iD3r0OCFVeDQhot1CBXPhV9svFmDkLqdn
2020-02-13 08:48:13: Deleted Recycled: D:/xampp/htdocs/otto2020/_gsdata_/_saved_/storage/framework/sessions/mzM1FJipi2l5YJY2AnbFIWrXzYaoDIl0f1KgpV6C
2020-02-13 08:48:13: Deleted Recycled: D:/xampp/htdocs/otto2020/_gsdata_/_saved_/storage/framework/sessions/iI0AOQy08Pmk334likhNYXxhe5oqSp8QahtmMWK8
2020-02-13 08:48:13: Deleted Recycled: D:/xampp/htdocs/otto2020/_gsdata_/_saved_/storage/framework/sessions/kBwNc8wSZ4W9xZqQrvpw5Twixqo4GAGZz6QJHGkU
2020-02-13 08:48:13: Deleted Recycled: D:/xampp/htdocs/otto2020/_gsdata_/_saved_/storage/framework/sessions/SrbwdfQbZRRSQGMLzvMOjKp7y5VNXiKk6bh7QXmV
2020-02-13 08:48:13: Deleted Recycled: D:/xampp/htdocs/otto2020/_gsdata_/_saved_/storage/framework/sessions/7A2vuwMTcQvnzhNmO7Z5cJEuMflj59Ioa3B7ShFU
2020-02-13 08:48:13: Deleted Recycled: D:/xampp/htdocs/otto2020/_gsdata_/_saved_/storage/framework/sessions/YLlr5szPS1Va0Bhwo0znlEkEx7e256eHTyaijF28
2020-02-13 08:48:13: Deleted Recycled: D:/xampp/htdocs/otto2020/_gsdata_/_saved_/storage/framework/sessions/sAy8jYlK30pe9nsXJ5idz5PkyUJ6nsckpd8IG4tx
2020-02-13 08:48:13: Deleted Recycled: D:/xampp/htdocs/otto2020/_gsdata_/_saved_/storage/framework/sessions/m64EgjkXQSsYv2ZC5lR7bsWgk06xZ6ooEyccrBGJ
2020-02-13 08:48:13: Deleted Recycled: D:/xampp/htdocs/otto2020/_gsdata_/_saved_/app/Http/Controllers/ContentsController.php
2020-02-13 08:48:13: Deleted Recycled: D:/xampp/htdocs/otto2020/_gsdata_/_saved_/storage/framework/sessions/SmsbcZG6nhEhOapwiSBgGVlegsZCDHIKsrecUgzh
2020-02-13 08:48:13: Deleted Recycled: D:/xampp/htdocs/otto2020/_gsdata_/_saved_/storage/framework/sessions/oITrek87onCuh4XMvr3y6PkYbldNSHzSOnDIcDr8
2020-02-13 08:48:13: Deleted Recycled: D:/xampp/htdocs/otto2020/_gsdata_/_saved_/storage/logs/laravel-2019-12-23.log
2020-02-13 08:48:13: Deleted Recycled: D:/xampp/htdocs/otto2020/_gsdata_/_saved_/storage/framework/sessions/SITu7TdZhsYzPbt5aYxI0V6kk2lCATGZvxAksP8Z
2020-02-13 08:48:13: Deleted Recycled: D:/xampp/htdocs/otto2020/_gsdata_/_saved_/storage/framework/sessions/4KWQkY9SwZWMRJkYNQ927AxNxjZYNQqD3QxWAWD2
2020-02-13 08:48:13: Deleted Recycled: D:/xampp/htdocs/otto2020/_gsdata_/_saved_/storage/framework/sessions/UCjYGPXw6X9g4Did7I6RZIdtocQwFwIPEQaKIXK5
2020-02-13 08:48:13: Deleted Recycled: D:/xampp/htdocs/otto2020/_gsdata_/_saved_/assets/img/favicon.png
2020-02-13 08:48:13: Deleted Recycled: D:/xampp/htdocs/otto2020/_gsdata_/_saved_/storage/framework/sessions/H7VAoxuDqvMnfm6zBkPtB7dLCxZksyRmQ1x854eA
2020-02-13 08:48:13: == Sync Complete. Time: 00:00:14, Speed: 864.09 KB/s, OK: 20, Errors: 1
2020-02-13 08:48:13: 
