[2021-03-02 18:11:30] local.ERROR: SQLSTATE[42S01]: Base table or view already exists: 1050 Table 'users' already exists (SQL: create table `users` (`id` bigint unsigned not null auto_increment primary key, `name` varchar(255) not null, `surname` varchar(255) not null, `level` varchar(255) not null, `slug` varchar(255) not null, `json` json not null, `phone` varchar(255) not null, `email` varchar(255) not null, `email_verified_at` timestamp null, `password` varchar(255) not null, `remember_token` varchar(100) null, `created_at` timestamp null, `updated_at` timestamp null) default character set utf8 collate 'utf8_general_ci') {"exception":"[object] (Illuminate\\Database\\QueryException(code: 42S01): SQLSTATE[42S01]: Base table or view already exists: 1050 Table 'users' already exists (SQL: create table `users` (`id` bigint unsigned not null auto_increment primary key, `name` varchar(255) not null, `surname` varchar(255) not null, `level` varchar(255) not null, `slug` varchar(255) not null, `json` json not null, `phone` varchar(255) not null, `email` varchar(255) not null, `email_verified_at` timestamp null, `password` varchar(255) not null, `remember_token` varchar(100) null, `created_at` timestamp null, `updated_at` timestamp null) default character set utf8 collate 'utf8_general_ci') at /home/sphyzer/app/vendor/laravel/framework/src/Illuminate/Database/Connection.php:664, PDOException(code: 42S01): SQLSTATE[42S01]: Base table or view already exists: 1050 Table 'users' already exists at /home/sphyzer/app/vendor/laravel/framework/src/Illuminate/Database/Connection.php:458)
[stacktrace]
#0 /home/sphyzer/app/vendor/laravel/framework/src/Illuminate/Database/Connection.php(624): Illuminate\\Database\\Connection->runQueryCallback()
#1 /home/sphyzer/app/vendor/laravel/framework/src/Illuminate/Database/Connection.php(459): Illuminate\\Database\\Connection->run()
#2 /home/sphyzer/app/vendor/laravel/framework/src/Illuminate/Database/Schema/Blueprint.php(97): Illuminate\\Database\\Connection->statement()
#3 /home/sphyzer/app/vendor/laravel/framework/src/Illuminate/Database/Schema/Builder.php(278): Illuminate\\Database\\Schema\\Blueprint->build()
#4 /home/sphyzer/app/vendor/laravel/framework/src/Illuminate/Database/Schema/Builder.php(167): Illuminate\\Database\\Schema\\Builder->build()
#5 /home/sphyzer/app/vendor/laravel/framework/src/Illuminate/Support/Facades/Facade.php(237): Illuminate\\Database\\Schema\\Builder->create()
#6 /home/sphyzer/app/database/migrations/2014_10_12_000000_create_users_table.php(29): Illuminate\\Support\\Facades\\Facade::__callStatic()
#7 /home/sphyzer/app/vendor/laravel/framework/src/Illuminate/Database/Migrations/Migrator.php(387): CreateUsersTable->up()
#8 /home/sphyzer/app/vendor/laravel/framework/src/Illuminate/Database/Migrations/Migrator.php(396): Illuminate\\Database\\Migrations\\Migrator->Illuminate\\Database\\Migrations\\{closure}()
#9 /home/sphyzer/app/vendor/laravel/framework/src/Illuminate/Database/Migrations/Migrator.php(197): Illuminate\\Database\\Migrations\\Migrator->runMigration()
#10 /home/sphyzer/app/vendor/laravel/framework/src/Illuminate/Database/Migrations/Migrator.php(162): Illuminate\\Database\\Migrations\\Migrator->runUp()
#11 /home/sphyzer/app/vendor/laravel/framework/src/Illuminate/Database/Migrations/Migrator.php(109): Illuminate\\Database\\Migrations\\Migrator->runPending()
#12 /home/sphyzer/app/vendor/laravel/framework/src/Illuminate/Database/Console/Migrations/MigrateCommand.php(71): Illuminate\\Database\\Migrations\\Migrator->run()
#13 [internal function]: Illuminate\\Database\\Console\\Migrations\\MigrateCommand->handle()
#14 /home/sphyzer/app/vendor/laravel/framework/src/Illuminate/Container/BoundMethod.php(32): call_user_func_array()
#15 /home/sphyzer/app/vendor/laravel/framework/src/Illuminate/Container/BoundMethod.php(90): Illuminate\\Container\\BoundMethod::Illuminate\\Container\\{closure}()
#16 /home/sphyzer/app/vendor/laravel/framework/src/Illuminate/Container/BoundMethod.php(34): Illuminate\\Container\\BoundMethod::callBoundMethod()
#17 /home/sphyzer/app/vendor/laravel/framework/src/Illuminate/Container/Container.php(576): Illuminate\\Container\\BoundMethod::call()
#18 /home/sphyzer/app/vendor/laravel/framework/src/Illuminate/Console/Command.php(183): Illuminate\\Container\\Container->call()
#19 /home/sphyzer/app/vendor/symfony/console/Command/Command.php(255): Illuminate\\Console\\Command->execute()
#20 /home/sphyzer/app/vendor/laravel/framework/src/Illuminate/Console/Command.php(170): Symfony\\Component\\Console\\Command\\Command->run()
#21 /home/sphyzer/app/vendor/symfony/console/Application.php(921): Illuminate\\Console\\Command->run()
#22 /home/sphyzer/app/vendor/symfony/console/Application.php(273): Symfony\\Component\\Console\\Application->doRunCommand()
#23 /home/sphyzer/app/vendor/symfony/console/Application.php(149): Symfony\\Component\\Console\\Application->doRun()
#24 /home/sphyzer/app/vendor/laravel/framework/src/Illuminate/Console/Application.php(90): Symfony\\Component\\Console\\Application->run()
#25 /home/sphyzer/app/vendor/laravel/framework/src/Illuminate/Foundation/Console/Kernel.php(133): Illuminate\\Console\\Application->run()
#26 /home/sphyzer/app/artisan(37): Illuminate\\Foundation\\Console\\Kernel->handle()
#27 {main}
"} 
[2021-03-02 18:14:08] local.ERROR: SQLSTATE[42S01]: Base table or view already exists: 1050 Table 'users' already exists (SQL: create table `users` (`id` bigint unsigned not null auto_increment primary key, `name` varchar(255) not null, `surname` varchar(255) not null, `level` varchar(255) not null, `slug` varchar(255) not null, `json` json not null, `phone` varchar(255) not null, `email` varchar(255) not null, `email_verified_at` timestamp null, `password` varchar(255) not null, `remember_token` varchar(100) null, `created_at` timestamp null, `updated_at` timestamp null) default character set utf8 collate 'utf8_general_ci') {"exception":"[object] (Illuminate\\Database\\QueryException(code: 42S01): SQLSTATE[42S01]: Base table or view already exists: 1050 Table 'users' already exists (SQL: create table `users` (`id` bigint unsigned not null auto_increment primary key, `name` varchar(255) not null, `surname` varchar(255) not null, `level` varchar(255) not null, `slug` varchar(255) not null, `json` json not null, `phone` varchar(255) not null, `email` varchar(255) not null, `email_verified_at` timestamp null, `password` varchar(255) not null, `remember_token` varchar(100) null, `created_at` timestamp null, `updated_at` timestamp null) default character set utf8 collate 'utf8_general_ci') at /home/sphyzer/app/vendor/laravel/framework/src/Illuminate/Database/Connection.php:664, PDOException(code: 42S01): SQLSTATE[42S01]: Base table or view already exists: 1050 Table 'users' already exists at /home/sphyzer/app/vendor/laravel/framework/src/Illuminate/Database/Connection.php:458)
[stacktrace]
#0 /home/sphyzer/app/vendor/laravel/framework/src/Illuminate/Database/Connection.php(624): Illuminate\\Database\\Connection->runQueryCallback()
#1 /home/sphyzer/app/vendor/laravel/framework/src/Illuminate/Database/Connection.php(459): Illuminate\\Database\\Connection->run()
#2 /home/sphyzer/app/vendor/laravel/framework/src/Illuminate/Database/Schema/Blueprint.php(97): Illuminate\\Database\\Connection->statement()
#3 /home/sphyzer/app/vendor/laravel/framework/src/Illuminate/Database/Schema/Builder.php(278): Illuminate\\Database\\Schema\\Blueprint->build()
#4 /home/sphyzer/app/vendor/laravel/framework/src/Illuminate/Database/Schema/Builder.php(167): Illuminate\\Database\\Schema\\Builder->build()
#5 /home/sphyzer/app/vendor/laravel/framework/src/Illuminate/Support/Facades/Facade.php(237): Illuminate\\Database\\Schema\\Builder->create()
#6 /home/sphyzer/app/database/migrations/2014_10_12_000000_create_users_table.php(29): Illuminate\\Support\\Facades\\Facade::__callStatic()
#7 /home/sphyzer/app/vendor/laravel/framework/src/Illuminate/Database/Migrations/Migrator.php(387): CreateUsersTable->up()
#8 /home/sphyzer/app/vendor/laravel/framework/src/Illuminate/Database/Migrations/Migrator.php(396): Illuminate\\Database\\Migrations\\Migrator->Illuminate\\Database\\Migrations\\{closure}()
#9 /home/sphyzer/app/vendor/laravel/framework/src/Illuminate/Database/Migrations/Migrator.php(197): Illuminate\\Database\\Migrations\\Migrator->runMigration()
#10 /home/sphyzer/app/vendor/laravel/framework/src/Illuminate/Database/Migrations/Migrator.php(162): Illuminate\\Database\\Migrations\\Migrator->runUp()
#11 /home/sphyzer/app/vendor/laravel/framework/src/Illuminate/Database/Migrations/Migrator.php(109): Illuminate\\Database\\Migrations\\Migrator->runPending()
#12 /home/sphyzer/app/vendor/laravel/framework/src/Illuminate/Database/Console/Migrations/MigrateCommand.php(71): Illuminate\\Database\\Migrations\\Migrator->run()
#13 [internal function]: Illuminate\\Database\\Console\\Migrations\\MigrateCommand->handle()
#14 /home/sphyzer/app/vendor/laravel/framework/src/Illuminate/Container/BoundMethod.php(32): call_user_func_array()
#15 /home/sphyzer/app/vendor/laravel/framework/src/Illuminate/Container/BoundMethod.php(90): Illuminate\\Container\\BoundMethod::Illuminate\\Container\\{closure}()
#16 /home/sphyzer/app/vendor/laravel/framework/src/Illuminate/Container/BoundMethod.php(34): Illuminate\\Container\\BoundMethod::callBoundMethod()
#17 /home/sphyzer/app/vendor/laravel/framework/src/Illuminate/Container/Container.php(576): Illuminate\\Container\\BoundMethod::call()
#18 /home/sphyzer/app/vendor/laravel/framework/src/Illuminate/Console/Command.php(183): Illuminate\\Container\\Container->call()
#19 /home/sphyzer/app/vendor/symfony/console/Command/Command.php(255): Illuminate\\Console\\Command->execute()
#20 /home/sphyzer/app/vendor/laravel/framework/src/Illuminate/Console/Command.php(170): Symfony\\Component\\Console\\Command\\Command->run()
#21 /home/sphyzer/app/vendor/symfony/console/Application.php(921): Illuminate\\Console\\Command->run()
#22 /home/sphyzer/app/vendor/symfony/console/Application.php(273): Symfony\\Component\\Console\\Application->doRunCommand()
#23 /home/sphyzer/app/vendor/symfony/console/Application.php(149): Symfony\\Component\\Console\\Application->doRun()
#24 /home/sphyzer/app/vendor/laravel/framework/src/Illuminate/Console/Application.php(90): Symfony\\Component\\Console\\Application->run()
#25 /home/sphyzer/app/vendor/laravel/framework/src/Illuminate/Foundation/Console/Kernel.php(133): Illuminate\\Console\\Application->run()
#26 /home/sphyzer/app/artisan(37): Illuminate\\Foundation\\Console\\Kernel->handle()
#27 {main}
"} 
[2021-03-02 18:15:21] local.ERROR: SQLSTATE[42S01]: Base table or view already exists: 1050 Table 'users' already exists (SQL: create table `users` (`id` bigint unsigned not null auto_increment primary key, `name` varchar(255) not null, `surname` varchar(255) not null, `level` varchar(255) not null, `slug` varchar(255) not null, `json` json not null, `phone` varchar(255) not null, `email` varchar(255) not null, `email_verified_at` timestamp null, `password` varchar(255) not null, `remember_token` varchar(100) null, `created_at` timestamp null, `updated_at` timestamp null) default character set utf8 collate 'utf8_general_ci') {"exception":"[object] (Illuminate\\Database\\QueryException(code: 42S01): SQLSTATE[42S01]: Base table or view already exists: 1050 Table 'users' already exists (SQL: create table `users` (`id` bigint unsigned not null auto_increment primary key, `name` varchar(255) not null, `surname` varchar(255) not null, `level` varchar(255) not null, `slug` varchar(255) not null, `json` json not null, `phone` varchar(255) not null, `email` varchar(255) not null, `email_verified_at` timestamp null, `password` varchar(255) not null, `remember_token` varchar(100) null, `created_at` timestamp null, `updated_at` timestamp null) default character set utf8 collate 'utf8_general_ci') at /home/sphyzer/app/vendor/laravel/framework/src/Illuminate/Database/Connection.php:664, PDOException(code: 42S01): SQLSTATE[42S01]: Base table or view already exists: 1050 Table 'users' already exists at /home/sphyzer/app/vendor/laravel/framework/src/Illuminate/Database/Connection.php:458)
[stacktrace]
#0 /home/sphyzer/app/vendor/laravel/framework/src/Illuminate/Database/Connection.php(624): Illuminate\\Database\\Connection->runQueryCallback()
#1 /home/sphyzer/app/vendor/laravel/framework/src/Illuminate/Database/Connection.php(459): Illuminate\\Database\\Connection->run()
#2 /home/sphyzer/app/vendor/laravel/framework/src/Illuminate/Database/Schema/Blueprint.php(97): Illuminate\\Database\\Connection->statement()
#3 /home/sphyzer/app/vendor/laravel/framework/src/Illuminate/Database/Schema/Builder.php(278): Illuminate\\Database\\Schema\\Blueprint->build()
#4 /home/sphyzer/app/vendor/laravel/framework/src/Illuminate/Database/Schema/Builder.php(167): Illuminate\\Database\\Schema\\Builder->build()
#5 /home/sphyzer/app/vendor/laravel/framework/src/Illuminate/Support/Facades/Facade.php(237): Illuminate\\Database\\Schema\\Builder->create()
#6 /home/sphyzer/app/database/migrations/2014_10_12_000000_create_users_table.php(29): Illuminate\\Support\\Facades\\Facade::__callStatic()
#7 /home/sphyzer/app/vendor/laravel/framework/src/Illuminate/Database/Migrations/Migrator.php(387): CreateUsersTable->up()
#8 /home/sphyzer/app/vendor/laravel/framework/src/Illuminate/Database/Migrations/Migrator.php(396): Illuminate\\Database\\Migrations\\Migrator->Illuminate\\Database\\Migrations\\{closure}()
#9 /home/sphyzer/app/vendor/laravel/framework/src/Illuminate/Database/Migrations/Migrator.php(197): Illuminate\\Database\\Migrations\\Migrator->runMigration()
#10 /home/sphyzer/app/vendor/laravel/framework/src/Illuminate/Database/Migrations/Migrator.php(162): Illuminate\\Database\\Migrations\\Migrator->runUp()
#11 /home/sphyzer/app/vendor/laravel/framework/src/Illuminate/Database/Migrations/Migrator.php(109): Illuminate\\Database\\Migrations\\Migrator->runPending()
#12 /home/sphyzer/app/vendor/laravel/framework/src/Illuminate/Database/Console/Migrations/MigrateCommand.php(71): Illuminate\\Database\\Migrations\\Migrator->run()
#13 [internal function]: Illuminate\\Database\\Console\\Migrations\\MigrateCommand->handle()
#14 /home/sphyzer/app/vendor/laravel/framework/src/Illuminate/Container/BoundMethod.php(32): call_user_func_array()
#15 /home/sphyzer/app/vendor/laravel/framework/src/Illuminate/Container/BoundMethod.php(90): Illuminate\\Container\\BoundMethod::Illuminate\\Container\\{closure}()
#16 /home/sphyzer/app/vendor/laravel/framework/src/Illuminate/Container/BoundMethod.php(34): Illuminate\\Container\\BoundMethod::callBoundMethod()
#17 /home/sphyzer/app/vendor/laravel/framework/src/Illuminate/Container/Container.php(576): Illuminate\\Container\\BoundMethod::call()
#18 /home/sphyzer/app/vendor/laravel/framework/src/Illuminate/Console/Command.php(183): Illuminate\\Container\\Container->call()
#19 /home/sphyzer/app/vendor/symfony/console/Command/Command.php(255): Illuminate\\Console\\Command->execute()
#20 /home/sphyzer/app/vendor/laravel/framework/src/Illuminate/Console/Command.php(170): Symfony\\Component\\Console\\Command\\Command->run()
#21 /home/sphyzer/app/vendor/symfony/console/Application.php(921): Illuminate\\Console\\Command->run()
#22 /home/sphyzer/app/vendor/symfony/console/Application.php(273): Symfony\\Component\\Console\\Application->doRunCommand()
#23 /home/sphyzer/app/vendor/symfony/console/Application.php(149): Symfony\\Component\\Console\\Application->doRun()
#24 /home/sphyzer/app/vendor/laravel/framework/src/Illuminate/Console/Application.php(90): Symfony\\Component\\Console\\Application->run()
#25 /home/sphyzer/app/vendor/laravel/framework/src/Illuminate/Foundation/Console/Kernel.php(133): Illuminate\\Console\\Application->run()
#26 /home/sphyzer/app/artisan(37): Illuminate\\Foundation\\Console\\Kernel->handle()
#27 {main}
"} 
[2021-03-02 18:15:31] local.ERROR: SQLSTATE[42S01]: Base table or view already exists: 1050 Table 'users' already exists (SQL: create table `users` (`id` bigint unsigned not null auto_increment primary key, `name` varchar(255) not null, `surname` varchar(255) not null, `level` varchar(255) not null, `slug` varchar(255) not null, `json` json not null, `phone` varchar(255) not null, `email` varchar(255) not null, `email_verified_at` timestamp null, `password` varchar(255) not null, `remember_token` varchar(100) null, `created_at` timestamp null, `updated_at` timestamp null) default character set utf8 collate 'utf8_general_ci') {"exception":"[object] (Illuminate\\Database\\QueryException(code: 42S01): SQLSTATE[42S01]: Base table or view already exists: 1050 Table 'users' already exists (SQL: create table `users` (`id` bigint unsigned not null auto_increment primary key, `name` varchar(255) not null, `surname` varchar(255) not null, `level` varchar(255) not null, `slug` varchar(255) not null, `json` json not null, `phone` varchar(255) not null, `email` varchar(255) not null, `email_verified_at` timestamp null, `password` varchar(255) not null, `remember_token` varchar(100) null, `created_at` timestamp null, `updated_at` timestamp null) default character set utf8 collate 'utf8_general_ci') at /home/sphyzer/app/vendor/laravel/framework/src/Illuminate/Database/Connection.php:664, PDOException(code: 42S01): SQLSTATE[42S01]: Base table or view already exists: 1050 Table 'users' already exists at /home/sphyzer/app/vendor/laravel/framework/src/Illuminate/Database/Connection.php:458)
[stacktrace]
#0 /home/sphyzer/app/vendor/laravel/framework/src/Illuminate/Database/Connection.php(624): Illuminate\\Database\\Connection->runQueryCallback()
#1 /home/sphyzer/app/vendor/laravel/framework/src/Illuminate/Database/Connection.php(459): Illuminate\\Database\\Connection->run()
#2 /home/sphyzer/app/vendor/laravel/framework/src/Illuminate/Database/Schema/Blueprint.php(97): Illuminate\\Database\\Connection->statement()
#3 /home/sphyzer/app/vendor/laravel/framework/src/Illuminate/Database/Schema/Builder.php(278): Illuminate\\Database\\Schema\\Blueprint->build()
#4 /home/sphyzer/app/vendor/laravel/framework/src/Illuminate/Database/Schema/Builder.php(167): Illuminate\\Database\\Schema\\Builder->build()
#5 /home/sphyzer/app/vendor/laravel/framework/src/Illuminate/Support/Facades/Facade.php(237): Illuminate\\Database\\Schema\\Builder->create()
#6 /home/sphyzer/app/database/migrations/2014_10_12_000000_create_users_table.php(29): Illuminate\\Support\\Facades\\Facade::__callStatic()
#7 /home/sphyzer/app/vendor/laravel/framework/src/Illuminate/Database/Migrations/Migrator.php(387): CreateUsersTable->up()
#8 /home/sphyzer/app/vendor/laravel/framework/src/Illuminate/Database/Migrations/Migrator.php(396): Illuminate\\Database\\Migrations\\Migrator->Illuminate\\Database\\Migrations\\{closure}()
#9 /home/sphyzer/app/vendor/laravel/framework/src/Illuminate/Database/Migrations/Migrator.php(197): Illuminate\\Database\\Migrations\\Migrator->runMigration()
#10 /home/sphyzer/app/vendor/laravel/framework/src/Illuminate/Database/Migrations/Migrator.php(162): Illuminate\\Database\\Migrations\\Migrator->runUp()
#11 /home/sphyzer/app/vendor/laravel/framework/src/Illuminate/Database/Migrations/Migrator.php(109): Illuminate\\Database\\Migrations\\Migrator->runPending()
#12 /home/sphyzer/app/vendor/laravel/framework/src/Illuminate/Database/Console/Migrations/MigrateCommand.php(71): Illuminate\\Database\\Migrations\\Migrator->run()
#13 [internal function]: Illuminate\\Database\\Console\\Migrations\\MigrateCommand->handle()
#14 /home/sphyzer/app/vendor/laravel/framework/src/Illuminate/Container/BoundMethod.php(32): call_user_func_array()
#15 /home/sphyzer/app/vendor/laravel/framework/src/Illuminate/Container/BoundMethod.php(90): Illuminate\\Container\\BoundMethod::Illuminate\\Container\\{closure}()
#16 /home/sphyzer/app/vendor/laravel/framework/src/Illuminate/Container/BoundMethod.php(34): Illuminate\\Container\\BoundMethod::callBoundMethod()
#17 /home/sphyzer/app/vendor/laravel/framework/src/Illuminate/Container/Container.php(576): Illuminate\\Container\\BoundMethod::call()
#18 /home/sphyzer/app/vendor/laravel/framework/src/Illuminate/Console/Command.php(183): Illuminate\\Container\\Container->call()
#19 /home/sphyzer/app/vendor/symfony/console/Command/Command.php(255): Illuminate\\Console\\Command->execute()
#20 /home/sphyzer/app/vendor/laravel/framework/src/Illuminate/Console/Command.php(170): Symfony\\Component\\Console\\Command\\Command->run()
#21 /home/sphyzer/app/vendor/symfony/console/Application.php(921): Illuminate\\Console\\Command->run()
#22 /home/sphyzer/app/vendor/symfony/console/Application.php(273): Symfony\\Component\\Console\\Application->doRunCommand()
#23 /home/sphyzer/app/vendor/symfony/console/Application.php(149): Symfony\\Component\\Console\\Application->doRun()
#24 /home/sphyzer/app/vendor/laravel/framework/src/Illuminate/Console/Application.php(90): Symfony\\Component\\Console\\Application->run()
#25 /home/sphyzer/app/vendor/laravel/framework/src/Illuminate/Foundation/Console/Kernel.php(133): Illuminate\\Console\\Application->run()
#26 /home/sphyzer/app/artisan(37): Illuminate\\Foundation\\Console\\Kernel->handle()
#27 {main}
"} 
[2021-03-02 18:17:55] local.ERROR: SQLSTATE[42S01]: Base table or view already exists: 1050 Table 'users' already exists (SQL: create table `users` (`id` bigint unsigned not null auto_increment primary key, `name` varchar(255) not null, `surname` varchar(255) not null, `level` varchar(255) not null, `slug` varchar(255) not null, `json` json not null, `phone` varchar(255) not null, `email` varchar(255) not null, `email_verified_at` timestamp null, `password` varchar(255) not null, `remember_token` varchar(100) null, `created_at` timestamp null, `updated_at` timestamp null) default character set utf8 collate 'utf8_general_ci') {"exception":"[object] (Illuminate\\Database\\QueryException(code: 42S01): SQLSTATE[42S01]: Base table or view already exists: 1050 Table 'users' already exists (SQL: create table `users` (`id` bigint unsigned not null auto_increment primary key, `name` varchar(255) not null, `surname` varchar(255) not null, `level` varchar(255) not null, `slug` varchar(255) not null, `json` json not null, `phone` varchar(255) not null, `email` varchar(255) not null, `email_verified_at` timestamp null, `password` varchar(255) not null, `remember_token` varchar(100) null, `created_at` timestamp null, `updated_at` timestamp null) default character set utf8 collate 'utf8_general_ci') at /home/sphyzer/app/vendor/laravel/framework/src/Illuminate/Database/Connection.php:664, PDOException(code: 42S01): SQLSTATE[42S01]: Base table or view already exists: 1050 Table 'users' already exists at /home/sphyzer/app/vendor/laravel/framework/src/Illuminate/Database/Connection.php:458)
[stacktrace]
#0 /home/sphyzer/app/vendor/laravel/framework/src/Illuminate/Database/Connection.php(624): Illuminate\\Database\\Connection->runQueryCallback()
#1 /home/sphyzer/app/vendor/laravel/framework/src/Illuminate/Database/Connection.php(459): Illuminate\\Database\\Connection->run()
#2 /home/sphyzer/app/vendor/laravel/framework/src/Illuminate/Database/Schema/Blueprint.php(97): Illuminate\\Database\\Connection->statement()
#3 /home/sphyzer/app/vendor/laravel/framework/src/Illuminate/Database/Schema/Builder.php(278): Illuminate\\Database\\Schema\\Blueprint->build()
#4 /home/sphyzer/app/vendor/laravel/framework/src/Illuminate/Database/Schema/Builder.php(167): Illuminate\\Database\\Schema\\Builder->build()
#5 /home/sphyzer/app/vendor/laravel/framework/src/Illuminate/Support/Facades/Facade.php(237): Illuminate\\Database\\Schema\\Builder->create()
#6 /home/sphyzer/app/database/migrations/2014_10_12_000000_create_users_table.php(29): Illuminate\\Support\\Facades\\Facade::__callStatic()
#7 /home/sphyzer/app/vendor/laravel/framework/src/Illuminate/Database/Migrations/Migrator.php(387): CreateUsersTable->up()
#8 /home/sphyzer/app/vendor/laravel/framework/src/Illuminate/Database/Migrations/Migrator.php(396): Illuminate\\Database\\Migrations\\Migrator->Illuminate\\Database\\Migrations\\{closure}()
#9 /home/sphyzer/app/vendor/laravel/framework/src/Illuminate/Database/Migrations/Migrator.php(197): Illuminate\\Database\\Migrations\\Migrator->runMigration()
#10 /home/sphyzer/app/vendor/laravel/framework/src/Illuminate/Database/Migrations/Migrator.php(162): Illuminate\\Database\\Migrations\\Migrator->runUp()
#11 /home/sphyzer/app/vendor/laravel/framework/src/Illuminate/Database/Migrations/Migrator.php(109): Illuminate\\Database\\Migrations\\Migrator->runPending()
#12 /home/sphyzer/app/vendor/laravel/framework/src/Illuminate/Database/Console/Migrations/MigrateCommand.php(71): Illuminate\\Database\\Migrations\\Migrator->run()
#13 [internal function]: Illuminate\\Database\\Console\\Migrations\\MigrateCommand->handle()
#14 /home/sphyzer/app/vendor/laravel/framework/src/Illuminate/Container/BoundMethod.php(32): call_user_func_array()
#15 /home/sphyzer/app/vendor/laravel/framework/src/Illuminate/Container/BoundMethod.php(90): Illuminate\\Container\\BoundMethod::Illuminate\\Container\\{closure}()
#16 /home/sphyzer/app/vendor/laravel/framework/src/Illuminate/Container/BoundMethod.php(34): Illuminate\\Container\\BoundMethod::callBoundMethod()
#17 /home/sphyzer/app/vendor/laravel/framework/src/Illuminate/Container/Container.php(576): Illuminate\\Container\\BoundMethod::call()
#18 /home/sphyzer/app/vendor/laravel/framework/src/Illuminate/Console/Command.php(183): Illuminate\\Container\\Container->call()
#19 /home/sphyzer/app/vendor/symfony/console/Command/Command.php(255): Illuminate\\Console\\Command->execute()
#20 /home/sphyzer/app/vendor/laravel/framework/src/Illuminate/Console/Command.php(170): Symfony\\Component\\Console\\Command\\Command->run()
#21 /home/sphyzer/app/vendor/symfony/console/Application.php(921): Illuminate\\Console\\Command->run()
#22 /home/sphyzer/app/vendor/symfony/console/Application.php(273): Symfony\\Component\\Console\\Application->doRunCommand()
#23 /home/sphyzer/app/vendor/symfony/console/Application.php(149): Symfony\\Component\\Console\\Application->doRun()
#24 /home/sphyzer/app/vendor/laravel/framework/src/Illuminate/Console/Application.php(90): Symfony\\Component\\Console\\Application->run()
#25 /home/sphyzer/app/vendor/laravel/framework/src/Illuminate/Foundation/Console/Kernel.php(133): Illuminate\\Console\\Application->run()
#26 /home/sphyzer/app/artisan(37): Illuminate\\Foundation\\Console\\Kernel->handle()
#27 {main}
"} 
[2021-03-02 18:18:29] local.ERROR: SQLSTATE[42S01]: Base table or view already exists: 1050 Table 'password_resets' already exists (SQL: create table `password_resets` (`email` varchar(255) not null, `token` varchar(255) not null, `created_at` timestamp null) default character set utf8 collate 'utf8_general_ci') {"exception":"[object] (Illuminate\\Database\\QueryException(code: 42S01): SQLSTATE[42S01]: Base table or view already exists: 1050 Table 'password_resets' already exists (SQL: create table `password_resets` (`email` varchar(255) not null, `token` varchar(255) not null, `created_at` timestamp null) default character set utf8 collate 'utf8_general_ci') at /home/sphyzer/app/vendor/laravel/framework/src/Illuminate/Database/Connection.php:664, PDOException(code: 42S01): SQLSTATE[42S01]: Base table or view already exists: 1050 Table 'password_resets' already exists at /home/sphyzer/app/vendor/laravel/framework/src/Illuminate/Database/Connection.php:458)
[stacktrace]
#0 /home/sphyzer/app/vendor/laravel/framework/src/Illuminate/Database/Connection.php(624): Illuminate\\Database\\Connection->runQueryCallback()
#1 /home/sphyzer/app/vendor/laravel/framework/src/Illuminate/Database/Connection.php(459): Illuminate\\Database\\Connection->run()
#2 /home/sphyzer/app/vendor/laravel/framework/src/Illuminate/Database/Schema/Blueprint.php(97): Illuminate\\Database\\Connection->statement()
#3 /home/sphyzer/app/vendor/laravel/framework/src/Illuminate/Database/Schema/Builder.php(278): Illuminate\\Database\\Schema\\Blueprint->build()
#4 /home/sphyzer/app/vendor/laravel/framework/src/Illuminate/Database/Schema/Builder.php(167): Illuminate\\Database\\Schema\\Builder->build()
#5 /home/sphyzer/app/vendor/laravel/framework/src/Illuminate/Support/Facades/Facade.php(237): Illuminate\\Database\\Schema\\Builder->create()
#6 /home/sphyzer/app/database/migrations/2014_10_12_100000_create_password_resets_table.php(20): Illuminate\\Support\\Facades\\Facade::__callStatic()
#7 /home/sphyzer/app/vendor/laravel/framework/src/Illuminate/Database/Migrations/Migrator.php(387): CreatePasswordResetsTable->up()
#8 /home/sphyzer/app/vendor/laravel/framework/src/Illuminate/Database/Migrations/Migrator.php(396): Illuminate\\Database\\Migrations\\Migrator->Illuminate\\Database\\Migrations\\{closure}()
#9 /home/sphyzer/app/vendor/laravel/framework/src/Illuminate/Database/Migrations/Migrator.php(197): Illuminate\\Database\\Migrations\\Migrator->runMigration()
#10 /home/sphyzer/app/vendor/laravel/framework/src/Illuminate/Database/Migrations/Migrator.php(162): Illuminate\\Database\\Migrations\\Migrator->runUp()
#11 /home/sphyzer/app/vendor/laravel/framework/src/Illuminate/Database/Migrations/Migrator.php(109): Illuminate\\Database\\Migrations\\Migrator->runPending()
#12 /home/sphyzer/app/vendor/laravel/framework/src/Illuminate/Database/Console/Migrations/MigrateCommand.php(71): Illuminate\\Database\\Migrations\\Migrator->run()
#13 [internal function]: Illuminate\\Database\\Console\\Migrations\\MigrateCommand->handle()
#14 /home/sphyzer/app/vendor/laravel/framework/src/Illuminate/Container/BoundMethod.php(32): call_user_func_array()
#15 /home/sphyzer/app/vendor/laravel/framework/src/Illuminate/Container/BoundMethod.php(90): Illuminate\\Container\\BoundMethod::Illuminate\\Container\\{closure}()
#16 /home/sphyzer/app/vendor/laravel/framework/src/Illuminate/Container/BoundMethod.php(34): Illuminate\\Container\\BoundMethod::callBoundMethod()
#17 /home/sphyzer/app/vendor/laravel/framework/src/Illuminate/Container/Container.php(576): Illuminate\\Container\\BoundMethod::call()
#18 /home/sphyzer/app/vendor/laravel/framework/src/Illuminate/Console/Command.php(183): Illuminate\\Container\\Container->call()
#19 /home/sphyzer/app/vendor/symfony/console/Command/Command.php(255): Illuminate\\Console\\Command->execute()
#20 /home/sphyzer/app/vendor/laravel/framework/src/Illuminate/Console/Command.php(170): Symfony\\Component\\Console\\Command\\Command->run()
#21 /home/sphyzer/app/vendor/symfony/console/Application.php(921): Illuminate\\Console\\Command->run()
#22 /home/sphyzer/app/vendor/symfony/console/Application.php(273): Symfony\\Component\\Console\\Application->doRunCommand()
#23 /home/sphyzer/app/vendor/symfony/console/Application.php(149): Symfony\\Component\\Console\\Application->doRun()
#24 /home/sphyzer/app/vendor/laravel/framework/src/Illuminate/Console/Application.php(90): Symfony\\Component\\Console\\Application->run()
#25 /home/sphyzer/app/vendor/laravel/framework/src/Illuminate/Foundation/Console/Kernel.php(133): Illuminate\\Console\\Application->run()
#26 /home/sphyzer/app/artisan(37): Illuminate\\Foundation\\Console\\Kernel->handle()
#27 {main}
"} 
[2021-03-02 18:18:40] local.ERROR: SQLSTATE[42S01]: Base table or view already exists: 1050 Table 'contents' already exists (SQL: create table `contents` (`id` bigint unsigned not null auto_increment primary key, `slug` varchar(255) not null, `title` varchar(255) not null, `type` varchar(255) not null, `kid` varchar(255) not null, `tkid` longtext not null, `s` int not null, `cover` varchar(255) not null, `pics` varchar(255) not null, `uid` varchar(255) not null, `html` longtext not null, `json` json not null, `created_at` timestamp null, `updated_at` timestamp null) default character set utf8 collate 'utf8_general_ci') {"exception":"[object] (Illuminate\\Database\\QueryException(code: 42S01): SQLSTATE[42S01]: Base table or view already exists: 1050 Table 'contents' already exists (SQL: create table `contents` (`id` bigint unsigned not null auto_increment primary key, `slug` varchar(255) not null, `title` varchar(255) not null, `type` varchar(255) not null, `kid` varchar(255) not null, `tkid` longtext not null, `s` int not null, `cover` varchar(255) not null, `pics` varchar(255) not null, `uid` varchar(255) not null, `html` longtext not null, `json` json not null, `created_at` timestamp null, `updated_at` timestamp null) default character set utf8 collate 'utf8_general_ci') at /home/sphyzer/app/vendor/laravel/framework/src/Illuminate/Database/Connection.php:664, PDOException(code: 42S01): SQLSTATE[42S01]: Base table or view already exists: 1050 Table 'contents' already exists at /home/sphyzer/app/vendor/laravel/framework/src/Illuminate/Database/Connection.php:458)
[stacktrace]
#0 /home/sphyzer/app/vendor/laravel/framework/src/Illuminate/Database/Connection.php(624): Illuminate\\Database\\Connection->runQueryCallback()
#1 /home/sphyzer/app/vendor/laravel/framework/src/Illuminate/Database/Connection.php(459): Illuminate\\Database\\Connection->run()
#2 /home/sphyzer/app/vendor/laravel/framework/src/Illuminate/Database/Schema/Blueprint.php(97): Illuminate\\Database\\Connection->statement()
#3 /home/sphyzer/app/vendor/laravel/framework/src/Illuminate/Database/Schema/Builder.php(278): Illuminate\\Database\\Schema\\Blueprint->build()
#4 /home/sphyzer/app/vendor/laravel/framework/src/Illuminate/Database/Schema/Builder.php(167): Illuminate\\Database\\Schema\\Builder->build()
#5 /home/sphyzer/app/vendor/laravel/framework/src/Illuminate/Support/Facades/Facade.php(237): Illuminate\\Database\\Schema\\Builder->create()
#6 /home/sphyzer/app/database/migrations/2019_08_11_035810_create_contents_table.php(31): Illuminate\\Support\\Facades\\Facade::__callStatic()
#7 /home/sphyzer/app/vendor/laravel/framework/src/Illuminate/Database/Migrations/Migrator.php(387): CreateContentsTable->up()
#8 /home/sphyzer/app/vendor/laravel/framework/src/Illuminate/Database/Migrations/Migrator.php(396): Illuminate\\Database\\Migrations\\Migrator->Illuminate\\Database\\Migrations\\{closure}()
#9 /home/sphyzer/app/vendor/laravel/framework/src/Illuminate/Database/Migrations/Migrator.php(197): Illuminate\\Database\\Migrations\\Migrator->runMigration()
#10 /home/sphyzer/app/vendor/laravel/framework/src/Illuminate/Database/Migrations/Migrator.php(162): Illuminate\\Database\\Migrations\\Migrator->runUp()
#11 /home/sphyzer/app/vendor/laravel/framework/src/Illuminate/Database/Migrations/Migrator.php(109): Illuminate\\Database\\Migrations\\Migrator->runPending()
#12 /home/sphyzer/app/vendor/laravel/framework/src/Illuminate/Database/Console/Migrations/MigrateCommand.php(71): Illuminate\\Database\\Migrations\\Migrator->run()
#13 [internal function]: Illuminate\\Database\\Console\\Migrations\\MigrateCommand->handle()
#14 /home/sphyzer/app/vendor/laravel/framework/src/Illuminate/Container/BoundMethod.php(32): call_user_func_array()
#15 /home/sphyzer/app/vendor/laravel/framework/src/Illuminate/Container/BoundMethod.php(90): Illuminate\\Container\\BoundMethod::Illuminate\\Container\\{closure}()
#16 /home/sphyzer/app/vendor/laravel/framework/src/Illuminate/Container/BoundMethod.php(34): Illuminate\\Container\\BoundMethod::callBoundMethod()
#17 /home/sphyzer/app/vendor/laravel/framework/src/Illuminate/Container/Container.php(576): Illuminate\\Container\\BoundMethod::call()
#18 /home/sphyzer/app/vendor/laravel/framework/src/Illuminate/Console/Command.php(183): Illuminate\\Container\\Container->call()
#19 /home/sphyzer/app/vendor/symfony/console/Command/Command.php(255): Illuminate\\Console\\Command->execute()
#20 /home/sphyzer/app/vendor/laravel/framework/src/Illuminate/Console/Command.php(170): Symfony\\Component\\Console\\Command\\Command->run()
#21 /home/sphyzer/app/vendor/symfony/console/Application.php(921): Illuminate\\Console\\Command->run()
#22 /home/sphyzer/app/vendor/symfony/console/Application.php(273): Symfony\\Component\\Console\\Application->doRunCommand()
#23 /home/sphyzer/app/vendor/symfony/console/Application.php(149): Symfony\\Component\\Console\\Application->doRun()
#24 /home/sphyzer/app/vendor/laravel/framework/src/Illuminate/Console/Application.php(90): Symfony\\Component\\Console\\Application->run()
#25 /home/sphyzer/app/vendor/laravel/framework/src/Illuminate/Foundation/Console/Kernel.php(133): Illuminate\\Console\\Application->run()
#26 /home/sphyzer/app/artisan(37): Illuminate\\Foundation\\Console\\Kernel->handle()
#27 {main}
"} 
